2023-08-29T00:10:54.327+09:00  INFO 75686 --- [SpringApplicationShutdownHook] j.LocalContainerEntityManagerFactoryBean : Closing JPA EntityManagerFactory for persistence unit 'default'
2023-08-29T00:10:54.371+09:00  INFO 75686 --- [SpringApplicationShutdownHook] com.zaxxer.hikari.HikariDataSource       : HikariPool-1 - Shutdown initiated...
2023-08-29T00:10:54.372+09:00  INFO 75686 --- [SpringApplicationShutdownHook] com.zaxxer.hikari.HikariDataSource       : HikariPool-1 - Shutdown completed.
2023-08-29T00:10:57.018+09:00  INFO 78726 --- [main] com.fundy.FundyBE.FundyBeApplication     : Starting FundyBeApplication using Java 17.0.2 with PID 78726 (/Users/dongwon_kim/Desktop/project/Fundy-BE/out/production/classes started by dongwon_kim in /Users/dongwon_kim/Desktop/project/Fundy-BE)
2023-08-29T00:10:57.020+09:00  INFO 78726 --- [main] com.fundy.FundyBE.FundyBeApplication     : No active profile set, falling back to 1 default profile: "default"
2023-08-29T00:10:57.338+09:00  INFO 78726 --- [main] .s.d.r.c.RepositoryConfigurationDelegate : Multiple Spring Data modules found, entering strict repository configuration mode
2023-08-29T00:10:57.338+09:00  INFO 78726 --- [main] .s.d.r.c.RepositoryConfigurationDelegate : Bootstrapping Spring Data Redis repositories in DEFAULT mode.
2023-08-29T00:10:57.415+09:00  INFO 78726 --- [main] .s.d.r.c.RepositoryConfigurationDelegate : Finished Spring Data repository scanning in 68 ms. Found 2 Redis repository interfaces.
2023-08-29T00:10:57.542+09:00  INFO 78726 --- [main] .s.d.r.c.RepositoryConfigurationDelegate : Multiple Spring Data modules found, entering strict repository configuration mode
2023-08-29T00:10:57.543+09:00  INFO 78726 --- [main] .s.d.r.c.RepositoryConfigurationDelegate : Bootstrapping Spring Data JPA repositories in DEFAULT mode.
2023-08-29T00:10:57.558+09:00  INFO 78726 --- [main] .RepositoryConfigurationExtensionSupport : Spring Data JPA - Could not safely identify store assignment for repository candidate interface com.fundy.FundyBE.global.config.redis.logoutinfo.LogoutInfoRedisRepository; If you want this repository to be a JPA repository, consider annotating your entities with one of these annotations: jakarta.persistence.Entity, jakarta.persistence.MappedSuperclass (preferred), or consider extending one of the following types with your repository: org.springframework.data.jpa.repository.JpaRepository
2023-08-29T00:10:57.558+09:00  INFO 78726 --- [main] .RepositoryConfigurationExtensionSupport : Spring Data JPA - Could not safely identify store assignment for repository candidate interface com.fundy.FundyBE.global.config.redis.refreshinfo.RefreshInfoRedisRepository; If you want this repository to be a JPA repository, consider annotating your entities with one of these annotations: jakarta.persistence.Entity, jakarta.persistence.MappedSuperclass (preferred), or consider extending one of the following types with your repository: org.springframework.data.jpa.repository.JpaRepository
2023-08-29T00:10:57.562+09:00  INFO 78726 --- [main] .s.d.r.c.RepositoryConfigurationDelegate : Finished Spring Data repository scanning in 17 ms. Found 1 JPA repository interfaces.
2023-08-29T00:10:57.840+09:00  INFO 78726 --- [main] o.s.b.w.embedded.tomcat.TomcatWebServer  : Tomcat initialized with port(s): 8080 (http)
2023-08-29T00:10:57.845+09:00  INFO 78726 --- [main] o.apache.catalina.core.StandardService   : Starting service [Tomcat]
2023-08-29T00:10:57.845+09:00  INFO 78726 --- [main] o.apache.catalina.core.StandardEngine    : Starting Servlet engine: [Apache Tomcat/10.1.11]
2023-08-29T00:10:57.886+09:00  INFO 78726 --- [main] o.a.c.c.C.[Tomcat].[localhost].[/api]    : Initializing Spring embedded WebApplicationContext
2023-08-29T00:10:57.886+09:00  INFO 78726 --- [main] w.s.c.ServletWebServerApplicationContext : Root WebApplicationContext: initialization completed in 844 ms
2023-08-29T00:10:57.959+09:00  INFO 78726 --- [main] o.hibernate.jpa.internal.util.LogHelper  : HHH000204: Processing PersistenceUnitInfo [name: default]
2023-08-29T00:10:57.981+09:00  INFO 78726 --- [main] org.hibernate.Version                    : HHH000412: Hibernate ORM core version 6.2.6.Final
2023-08-29T00:10:57.982+09:00  INFO 78726 --- [main] org.hibernate.cfg.Environment            : HHH000406: Using bytecode reflection optimizer
2023-08-29T00:10:58.029+09:00  INFO 78726 --- [main] o.h.b.i.BytecodeProviderInitiator        : HHH000021: Bytecode provider name : bytebuddy
2023-08-29T00:10:58.095+09:00  INFO 78726 --- [main] o.s.o.j.p.SpringPersistenceUnitInfo      : No LoadTimeWeaver setup: ignoring JPA class transformer
2023-08-29T00:10:58.102+09:00  INFO 78726 --- [main] com.zaxxer.hikari.HikariDataSource       : HikariPool-1 - Starting...
2023-08-29T00:10:58.188+09:00  INFO 78726 --- [main] com.zaxxer.hikari.pool.HikariPool        : HikariPool-1 - Added connection com.mysql.cj.jdbc.ConnectionImpl@58ec8271
2023-08-29T00:10:58.189+09:00  INFO 78726 --- [main] com.zaxxer.hikari.HikariDataSource       : HikariPool-1 - Start completed.
2023-08-29T00:10:58.306+09:00  INFO 78726 --- [main] o.h.b.i.BytecodeProviderInitiator        : HHH000021: Bytecode provider name : bytebuddy
2023-08-29T00:10:58.596+09:00  INFO 78726 --- [main] o.h.e.t.j.p.i.JtaPlatformInitiator       : HHH000490: Using JtaPlatform implementation: [org.hibernate.engine.transaction.jta.platform.internal.NoJtaPlatform]
2023-08-29T00:10:58.699+09:00  WARN 78726 --- [main] o.h.t.s.i.ExceptionHandlerLoggedImpl     : GenerationTarget encountered exception accepting command : Error executing DDL "insert into genre values ("드라마")" via JDBC [Column count doesn't match value count at row 1]

org.hibernate.tool.schema.spi.CommandAcceptanceException: Error executing DDL "insert into genre values ("드라마")" via JDBC [Column count doesn't match value count at row 1]
	at org.hibernate.tool.schema.internal.exec.GenerationTargetToDatabase.accept(GenerationTargetToDatabase.java:92) ~[hibernate-core-6.2.6.Final.jar:6.2.6.Final]
	at org.hibernate.tool.schema.internal.Helper.applySqlString(Helper.java:235) ~[hibernate-core-6.2.6.Final.jar:6.2.6.Final]
	at org.hibernate.tool.schema.internal.Helper.applyScript(Helper.java:257) ~[hibernate-core-6.2.6.Final.jar:6.2.6.Final]
	at org.hibernate.tool.schema.internal.SchemaCreatorImpl.applyImportFiles(SchemaCreatorImpl.java:650) ~[hibernate-core-6.2.6.Final.jar:6.2.6.Final]
	at org.hibernate.tool.schema.internal.SchemaCreatorImpl.applyImportSources(SchemaCreatorImpl.java:569) ~[hibernate-core-6.2.6.Final.jar:6.2.6.Final]
	at org.hibernate.tool.schema.internal.SchemaCreatorImpl.performCreation(SchemaCreatorImpl.java:184) ~[hibernate-core-6.2.6.Final.jar:6.2.6.Final]
	at org.hibernate.tool.schema.internal.SchemaCreatorImpl.doCreation(SchemaCreatorImpl.java:142) ~[hibernate-core-6.2.6.Final.jar:6.2.6.Final]
	at org.hibernate.tool.schema.internal.SchemaCreatorImpl.doCreation(SchemaCreatorImpl.java:118) ~[hibernate-core-6.2.6.Final.jar:6.2.6.Final]
	at org.hibernate.tool.schema.spi.SchemaManagementToolCoordinator.performDatabaseAction(SchemaManagementToolCoordinator.java:254) ~[hibernate-core-6.2.6.Final.jar:6.2.6.Final]
	at org.hibernate.tool.schema.spi.SchemaManagementToolCoordinator.lambda$process$5(SchemaManagementToolCoordinator.java:143) ~[hibernate-core-6.2.6.Final.jar:6.2.6.Final]
	at java.base/java.util.HashMap.forEach(HashMap.java:1421) ~[na:na]
	at org.hibernate.tool.schema.spi.SchemaManagementToolCoordinator.process(SchemaManagementToolCoordinator.java:140) ~[hibernate-core-6.2.6.Final.jar:6.2.6.Final]
	at org.hibernate.boot.internal.SessionFactoryObserverForSchemaExport.sessionFactoryCreated(SessionFactoryObserverForSchemaExport.java:37) ~[hibernate-core-6.2.6.Final.jar:6.2.6.Final]
	at org.hibernate.internal.SessionFactoryObserverChain.sessionFactoryCreated(SessionFactoryObserverChain.java:35) ~[hibernate-core-6.2.6.Final.jar:6.2.6.Final]
	at org.hibernate.internal.SessionFactoryImpl.<init>(SessionFactoryImpl.java:292) ~[hibernate-core-6.2.6.Final.jar:6.2.6.Final]
	at org.hibernate.boot.internal.SessionFactoryBuilderImpl.build(SessionFactoryBuilderImpl.java:431) ~[hibernate-core-6.2.6.Final.jar:6.2.6.Final]
	at org.hibernate.jpa.boot.internal.EntityManagerFactoryBuilderImpl.build(EntityManagerFactoryBuilderImpl.java:1455) ~[hibernate-core-6.2.6.Final.jar:6.2.6.Final]
	at org.springframework.orm.jpa.vendor.SpringHibernateJpaPersistenceProvider.createContainerEntityManagerFactory(SpringHibernateJpaPersistenceProvider.java:75) ~[spring-orm-6.0.11.jar:6.0.11]
	at org.springframework.orm.jpa.LocalContainerEntityManagerFactoryBean.createNativeEntityManagerFactory(LocalContainerEntityManagerFactoryBean.java:376) ~[spring-orm-6.0.11.jar:6.0.11]
	at org.springframework.orm.jpa.AbstractEntityManagerFactoryBean.buildNativeEntityManagerFactory(AbstractEntityManagerFactoryBean.java:409) ~[spring-orm-6.0.11.jar:6.0.11]
	at org.springframework.orm.jpa.AbstractEntityManagerFactoryBean.afterPropertiesSet(AbstractEntityManagerFactoryBean.java:396) ~[spring-orm-6.0.11.jar:6.0.11]
	at org.springframework.orm.jpa.LocalContainerEntityManagerFactoryBean.afterPropertiesSet(LocalContainerEntityManagerFactoryBean.java:352) ~[spring-orm-6.0.11.jar:6.0.11]
	at org.springframework.beans.factory.support.AbstractAutowireCapableBeanFactory.invokeInitMethods(AbstractAutowireCapableBeanFactory.java:1817) ~[spring-beans-6.0.11.jar:6.0.11]
	at org.springframework.beans.factory.support.AbstractAutowireCapableBeanFactory.initializeBean(AbstractAutowireCapableBeanFactory.java:1766) ~[spring-beans-6.0.11.jar:6.0.11]
	at org.springframework.beans.factory.support.AbstractAutowireCapableBeanFactory.doCreateBean(AbstractAutowireCapableBeanFactory.java:598) ~[spring-beans-6.0.11.jar:6.0.11]
	at org.springframework.beans.factory.support.AbstractAutowireCapableBeanFactory.createBean(AbstractAutowireCapableBeanFactory.java:520) ~[spring-beans-6.0.11.jar:6.0.11]
	at org.springframework.beans.factory.support.AbstractBeanFactory.lambda$doGetBean$0(AbstractBeanFactory.java:326) ~[spring-beans-6.0.11.jar:6.0.11]
	at org.springframework.beans.factory.support.DefaultSingletonBeanRegistry.getSingleton(DefaultSingletonBeanRegistry.java:234) ~[spring-beans-6.0.11.jar:6.0.11]
	at org.springframework.beans.factory.support.AbstractBeanFactory.doGetBean(AbstractBeanFactory.java:324) ~[spring-beans-6.0.11.jar:6.0.11]
	at org.springframework.beans.factory.support.AbstractBeanFactory.getBean(AbstractBeanFactory.java:200) ~[spring-beans-6.0.11.jar:6.0.11]
	at org.springframework.context.support.AbstractApplicationContext.getBean(AbstractApplicationContext.java:1155) ~[spring-context-6.0.11.jar:6.0.11]
	at org.springframework.context.support.AbstractApplicationContext.finishBeanFactoryInitialization(AbstractApplicationContext.java:932) ~[spring-context-6.0.11.jar:6.0.11]
	at org.springframework.context.support.AbstractApplicationContext.refresh(AbstractApplicationContext.java:608) ~[spring-context-6.0.11.jar:6.0.11]
	at org.springframework.boot.web.servlet.context.ServletWebServerApplicationContext.refresh(ServletWebServerApplicationContext.java:146) ~[spring-boot-3.1.2.jar:3.1.2]
	at org.springframework.boot.SpringApplication.refresh(SpringApplication.java:734) ~[spring-boot-3.1.2.jar:3.1.2]
	at org.springframework.boot.SpringApplication.refreshContext(SpringApplication.java:436) ~[spring-boot-3.1.2.jar:3.1.2]
	at org.springframework.boot.SpringApplication.run(SpringApplication.java:312) ~[spring-boot-3.1.2.jar:3.1.2]
	at org.springframework.boot.SpringApplication.run(SpringApplication.java:1306) ~[spring-boot-3.1.2.jar:3.1.2]
	at org.springframework.boot.SpringApplication.run(SpringApplication.java:1295) ~[spring-boot-3.1.2.jar:3.1.2]
	at com.fundy.FundyBE.FundyBeApplication.main(FundyBeApplication.java:10) ~[classes/:na]
Caused by: java.sql.SQLException: Column count doesn't match value count at row 1
	at com.mysql.cj.jdbc.exceptions.SQLError.createSQLException(SQLError.java:130) ~[mysql-connector-j-8.0.33.jar:8.0.33]
	at com.mysql.cj.jdbc.exceptions.SQLExceptionsMapping.translateException(SQLExceptionsMapping.java:122) ~[mysql-connector-j-8.0.33.jar:8.0.33]
	at com.mysql.cj.jdbc.StatementImpl.executeInternal(StatementImpl.java:763) ~[mysql-connector-j-8.0.33.jar:8.0.33]
	at com.mysql.cj.jdbc.StatementImpl.execute(StatementImpl.java:648) ~[mysql-connector-j-8.0.33.jar:8.0.33]
	at com.zaxxer.hikari.pool.ProxyStatement.execute(ProxyStatement.java:94) ~[HikariCP-5.0.1.jar:na]
	at com.zaxxer.hikari.pool.HikariProxyStatement.execute(HikariProxyStatement.java) ~[HikariCP-5.0.1.jar:na]
	at org.hibernate.tool.schema.internal.exec.GenerationTargetToDatabase.accept(GenerationTargetToDatabase.java:78) ~[hibernate-core-6.2.6.Final.jar:6.2.6.Final]
	... 39 common frames omitted

2023-08-29T00:10:58.703+09:00  INFO 78726 --- [main] j.LocalContainerEntityManagerFactoryBean : Initialized JPA EntityManagerFactory for persistence unit 'default'
2023-08-29T00:10:58.813+09:00  WARN 78726 --- [main] ocalVariableTableParameterNameDiscoverer : Using deprecated '-debug' fallback for parameter name resolution. Compile the affected code with '-parameters' instead or avoid its introspection: com.fundy.FundyBE.domain.user.repository.UserRepository
2023-08-29T00:10:59.001+09:00  WARN 78726 --- [main] ocalVariableTableParameterNameDiscoverer : Using deprecated '-debug' fallback for parameter name resolution. Compile the affected code with '-parameters' instead or avoid its introspection: com.fundy.FundyBE.global.config.redis.refreshinfo.RefreshInfoRedisRepository
2023-08-29T00:10:59.008+09:00  WARN 78726 --- [main] ocalVariableTableParameterNameDiscoverer : Using deprecated '-debug' fallback for parameter name resolution. Compile the affected code with '-parameters' instead or avoid its introspection: com.fundy.FundyBE.global.config.redis.logoutinfo.LogoutInfoRedisRepository
2023-08-29T00:10:59.311+09:00  WARN 78726 --- [main] JpaBaseConfiguration$JpaWebConfiguration : spring.jpa.open-in-view is enabled by default. Therefore, database queries may be performed during view rendering. Explicitly configure spring.jpa.open-in-view to disable this warning
2023-08-29T00:10:59.466+09:00  INFO 78726 --- [main] o.s.s.web.DefaultSecurityFilterChain     : Will secure any request with [org.springframework.security.web.session.DisableEncodeUrlFilter@142ac60e, org.springframework.security.web.context.request.async.WebAsyncManagerIntegrationFilter@43376a03, org.springframework.security.web.context.SecurityContextHolderFilter@7f8586f9, org.springframework.security.web.header.HeaderWriterFilter@72378bfd, org.springframework.security.web.authentication.logout.LogoutFilter@656dc20f, org.springframework.security.oauth2.client.web.OAuth2AuthorizationRequestRedirectFilter@5524e471, org.springframework.security.oauth2.client.web.OAuth2LoginAuthenticationFilter@3b6d94fc, com.fundy.FundyBE.global.config.security.filter.JwtAuthenticationFilter@9b84747, org.springframework.security.web.savedrequest.RequestCacheAwareFilter@fb69ab1, org.springframework.security.web.servletapi.SecurityContextHolderAwareRequestFilter@7731504, org.springframework.security.web.authentication.AnonymousAuthenticationFilter@1272f6d9, org.springframework.security.web.session.SessionManagementFilter@104972a0, org.springframework.security.web.access.ExceptionTranslationFilter@40f88929, org.springframework.security.web.access.intercept.AuthorizationFilter@62c019bb]
2023-08-29T00:10:59.619+09:00  INFO 78726 --- [main] o.s.b.w.embedded.tomcat.TomcatWebServer  : Tomcat started on port(s): 8080 (http) with context path '/api'
2023-08-29T00:10:59.624+09:00  INFO 78726 --- [main] com.fundy.FundyBE.FundyBeApplication     : Started FundyBeApplication in 2.86 seconds (process running for 3.073)
2023-08-29T00:18:37.292+09:00  INFO 78726 --- [SpringApplicationShutdownHook] j.LocalContainerEntityManagerFactoryBean : Closing JPA EntityManagerFactory for persistence unit 'default'
2023-08-29T00:18:37.360+09:00  INFO 78726 --- [SpringApplicationShutdownHook] com.zaxxer.hikari.HikariDataSource       : HikariPool-1 - Shutdown initiated...
2023-08-29T00:18:37.364+09:00  INFO 78726 --- [SpringApplicationShutdownHook] com.zaxxer.hikari.HikariDataSource       : HikariPool-1 - Shutdown completed.
2023-08-29T00:18:38.698+09:00  INFO 78880 --- [main] com.fundy.FundyBE.FundyBeApplication     : Starting FundyBeApplication using Java 17.0.2 with PID 78880 (/Users/dongwon_kim/Desktop/project/Fundy-BE/out/production/classes started by dongwon_kim in /Users/dongwon_kim/Desktop/project/Fundy-BE)
2023-08-29T00:18:38.700+09:00  INFO 78880 --- [main] com.fundy.FundyBE.FundyBeApplication     : No active profile set, falling back to 1 default profile: "default"
2023-08-29T00:18:39.002+09:00  INFO 78880 --- [main] .s.d.r.c.RepositoryConfigurationDelegate : Multiple Spring Data modules found, entering strict repository configuration mode
2023-08-29T00:18:39.002+09:00  INFO 78880 --- [main] .s.d.r.c.RepositoryConfigurationDelegate : Bootstrapping Spring Data Redis repositories in DEFAULT mode.
2023-08-29T00:18:39.078+09:00  INFO 78880 --- [main] .s.d.r.c.RepositoryConfigurationDelegate : Finished Spring Data repository scanning in 65 ms. Found 2 Redis repository interfaces.
2023-08-29T00:18:39.206+09:00  INFO 78880 --- [main] .s.d.r.c.RepositoryConfigurationDelegate : Multiple Spring Data modules found, entering strict repository configuration mode
2023-08-29T00:18:39.207+09:00  INFO 78880 --- [main] .s.d.r.c.RepositoryConfigurationDelegate : Bootstrapping Spring Data JPA repositories in DEFAULT mode.
2023-08-29T00:18:39.221+09:00  INFO 78880 --- [main] .RepositoryConfigurationExtensionSupport : Spring Data JPA - Could not safely identify store assignment for repository candidate interface com.fundy.FundyBE.global.config.redis.logoutinfo.LogoutInfoRedisRepository; If you want this repository to be a JPA repository, consider annotating your entities with one of these annotations: jakarta.persistence.Entity, jakarta.persistence.MappedSuperclass (preferred), or consider extending one of the following types with your repository: org.springframework.data.jpa.repository.JpaRepository
2023-08-29T00:18:39.222+09:00  INFO 78880 --- [main] .RepositoryConfigurationExtensionSupport : Spring Data JPA - Could not safely identify store assignment for repository candidate interface com.fundy.FundyBE.global.config.redis.refreshinfo.RefreshInfoRedisRepository; If you want this repository to be a JPA repository, consider annotating your entities with one of these annotations: jakarta.persistence.Entity, jakarta.persistence.MappedSuperclass (preferred), or consider extending one of the following types with your repository: org.springframework.data.jpa.repository.JpaRepository
2023-08-29T00:18:39.226+09:00  INFO 78880 --- [main] .s.d.r.c.RepositoryConfigurationDelegate : Finished Spring Data repository scanning in 17 ms. Found 1 JPA repository interfaces.
2023-08-29T00:18:39.514+09:00  INFO 78880 --- [main] o.s.b.w.embedded.tomcat.TomcatWebServer  : Tomcat initialized with port(s): 8080 (http)
2023-08-29T00:18:39.519+09:00  INFO 78880 --- [main] o.apache.catalina.core.StandardService   : Starting service [Tomcat]
2023-08-29T00:18:39.519+09:00  INFO 78880 --- [main] o.apache.catalina.core.StandardEngine    : Starting Servlet engine: [Apache Tomcat/10.1.11]
2023-08-29T00:18:39.559+09:00  INFO 78880 --- [main] o.a.c.c.C.[Tomcat].[localhost].[/api]    : Initializing Spring embedded WebApplicationContext
2023-08-29T00:18:39.559+09:00  INFO 78880 --- [main] w.s.c.ServletWebServerApplicationContext : Root WebApplicationContext: initialization completed in 834 ms
2023-08-29T00:18:39.632+09:00  INFO 78880 --- [main] o.hibernate.jpa.internal.util.LogHelper  : HHH000204: Processing PersistenceUnitInfo [name: default]
2023-08-29T00:18:39.654+09:00  INFO 78880 --- [main] org.hibernate.Version                    : HHH000412: Hibernate ORM core version 6.2.6.Final
2023-08-29T00:18:39.655+09:00  INFO 78880 --- [main] org.hibernate.cfg.Environment            : HHH000406: Using bytecode reflection optimizer
2023-08-29T00:18:39.709+09:00  INFO 78880 --- [main] o.h.b.i.BytecodeProviderInitiator        : HHH000021: Bytecode provider name : bytebuddy
2023-08-29T00:18:39.776+09:00  INFO 78880 --- [main] o.s.o.j.p.SpringPersistenceUnitInfo      : No LoadTimeWeaver setup: ignoring JPA class transformer
2023-08-29T00:18:39.784+09:00  INFO 78880 --- [main] com.zaxxer.hikari.HikariDataSource       : HikariPool-1 - Starting...
2023-08-29T00:18:39.865+09:00  INFO 78880 --- [main] com.zaxxer.hikari.pool.HikariPool        : HikariPool-1 - Added connection com.mysql.cj.jdbc.ConnectionImpl@40ac0a56
2023-08-29T00:18:39.866+09:00  INFO 78880 --- [main] com.zaxxer.hikari.HikariDataSource       : HikariPool-1 - Start completed.
2023-08-29T00:18:39.988+09:00  INFO 78880 --- [main] o.h.b.i.BytecodeProviderInitiator        : HHH000021: Bytecode provider name : bytebuddy
2023-08-29T00:18:40.275+09:00  INFO 78880 --- [main] o.h.e.t.j.p.i.JtaPlatformInitiator       : HHH000490: Using JtaPlatform implementation: [org.hibernate.engine.transaction.jta.platform.internal.NoJtaPlatform]
2023-08-29T00:18:40.375+09:00  WARN 78880 --- [main] o.h.t.s.i.ExceptionHandlerLoggedImpl     : GenerationTarget encountered exception accepting command : Error executing DDL "insert into genre values ("드라마")" via JDBC [Column count doesn't match value count at row 1]

org.hibernate.tool.schema.spi.CommandAcceptanceException: Error executing DDL "insert into genre values ("드라마")" via JDBC [Column count doesn't match value count at row 1]
	at org.hibernate.tool.schema.internal.exec.GenerationTargetToDatabase.accept(GenerationTargetToDatabase.java:92) ~[hibernate-core-6.2.6.Final.jar:6.2.6.Final]
	at org.hibernate.tool.schema.internal.Helper.applySqlString(Helper.java:235) ~[hibernate-core-6.2.6.Final.jar:6.2.6.Final]
	at org.hibernate.tool.schema.internal.Helper.applyScript(Helper.java:257) ~[hibernate-core-6.2.6.Final.jar:6.2.6.Final]
	at org.hibernate.tool.schema.internal.SchemaCreatorImpl.applyImportFiles(SchemaCreatorImpl.java:650) ~[hibernate-core-6.2.6.Final.jar:6.2.6.Final]
	at org.hibernate.tool.schema.internal.SchemaCreatorImpl.applyImportSources(SchemaCreatorImpl.java:569) ~[hibernate-core-6.2.6.Final.jar:6.2.6.Final]
	at org.hibernate.tool.schema.internal.SchemaCreatorImpl.performCreation(SchemaCreatorImpl.java:184) ~[hibernate-core-6.2.6.Final.jar:6.2.6.Final]
	at org.hibernate.tool.schema.internal.SchemaCreatorImpl.doCreation(SchemaCreatorImpl.java:142) ~[hibernate-core-6.2.6.Final.jar:6.2.6.Final]
	at org.hibernate.tool.schema.internal.SchemaCreatorImpl.doCreation(SchemaCreatorImpl.java:118) ~[hibernate-core-6.2.6.Final.jar:6.2.6.Final]
	at org.hibernate.tool.schema.spi.SchemaManagementToolCoordinator.performDatabaseAction(SchemaManagementToolCoordinator.java:254) ~[hibernate-core-6.2.6.Final.jar:6.2.6.Final]
	at org.hibernate.tool.schema.spi.SchemaManagementToolCoordinator.lambda$process$5(SchemaManagementToolCoordinator.java:143) ~[hibernate-core-6.2.6.Final.jar:6.2.6.Final]
	at java.base/java.util.HashMap.forEach(HashMap.java:1421) ~[na:na]
	at org.hibernate.tool.schema.spi.SchemaManagementToolCoordinator.process(SchemaManagementToolCoordinator.java:140) ~[hibernate-core-6.2.6.Final.jar:6.2.6.Final]
	at org.hibernate.boot.internal.SessionFactoryObserverForSchemaExport.sessionFactoryCreated(SessionFactoryObserverForSchemaExport.java:37) ~[hibernate-core-6.2.6.Final.jar:6.2.6.Final]
	at org.hibernate.internal.SessionFactoryObserverChain.sessionFactoryCreated(SessionFactoryObserverChain.java:35) ~[hibernate-core-6.2.6.Final.jar:6.2.6.Final]
	at org.hibernate.internal.SessionFactoryImpl.<init>(SessionFactoryImpl.java:292) ~[hibernate-core-6.2.6.Final.jar:6.2.6.Final]
	at org.hibernate.boot.internal.SessionFactoryBuilderImpl.build(SessionFactoryBuilderImpl.java:431) ~[hibernate-core-6.2.6.Final.jar:6.2.6.Final]
	at org.hibernate.jpa.boot.internal.EntityManagerFactoryBuilderImpl.build(EntityManagerFactoryBuilderImpl.java:1455) ~[hibernate-core-6.2.6.Final.jar:6.2.6.Final]
	at org.springframework.orm.jpa.vendor.SpringHibernateJpaPersistenceProvider.createContainerEntityManagerFactory(SpringHibernateJpaPersistenceProvider.java:75) ~[spring-orm-6.0.11.jar:6.0.11]
	at org.springframework.orm.jpa.LocalContainerEntityManagerFactoryBean.createNativeEntityManagerFactory(LocalContainerEntityManagerFactoryBean.java:376) ~[spring-orm-6.0.11.jar:6.0.11]
	at org.springframework.orm.jpa.AbstractEntityManagerFactoryBean.buildNativeEntityManagerFactory(AbstractEntityManagerFactoryBean.java:409) ~[spring-orm-6.0.11.jar:6.0.11]
	at org.springframework.orm.jpa.AbstractEntityManagerFactoryBean.afterPropertiesSet(AbstractEntityManagerFactoryBean.java:396) ~[spring-orm-6.0.11.jar:6.0.11]
	at org.springframework.orm.jpa.LocalContainerEntityManagerFactoryBean.afterPropertiesSet(LocalContainerEntityManagerFactoryBean.java:352) ~[spring-orm-6.0.11.jar:6.0.11]
	at org.springframework.beans.factory.support.AbstractAutowireCapableBeanFactory.invokeInitMethods(AbstractAutowireCapableBeanFactory.java:1817) ~[spring-beans-6.0.11.jar:6.0.11]
	at org.springframework.beans.factory.support.AbstractAutowireCapableBeanFactory.initializeBean(AbstractAutowireCapableBeanFactory.java:1766) ~[spring-beans-6.0.11.jar:6.0.11]
	at org.springframework.beans.factory.support.AbstractAutowireCapableBeanFactory.doCreateBean(AbstractAutowireCapableBeanFactory.java:598) ~[spring-beans-6.0.11.jar:6.0.11]
	at org.springframework.beans.factory.support.AbstractAutowireCapableBeanFactory.createBean(AbstractAutowireCapableBeanFactory.java:520) ~[spring-beans-6.0.11.jar:6.0.11]
	at org.springframework.beans.factory.support.AbstractBeanFactory.lambda$doGetBean$0(AbstractBeanFactory.java:326) ~[spring-beans-6.0.11.jar:6.0.11]
	at org.springframework.beans.factory.support.DefaultSingletonBeanRegistry.getSingleton(DefaultSingletonBeanRegistry.java:234) ~[spring-beans-6.0.11.jar:6.0.11]
	at org.springframework.beans.factory.support.AbstractBeanFactory.doGetBean(AbstractBeanFactory.java:324) ~[spring-beans-6.0.11.jar:6.0.11]
	at org.springframework.beans.factory.support.AbstractBeanFactory.getBean(AbstractBeanFactory.java:200) ~[spring-beans-6.0.11.jar:6.0.11]
	at org.springframework.context.support.AbstractApplicationContext.getBean(AbstractApplicationContext.java:1155) ~[spring-context-6.0.11.jar:6.0.11]
	at org.springframework.context.support.AbstractApplicationContext.finishBeanFactoryInitialization(AbstractApplicationContext.java:932) ~[spring-context-6.0.11.jar:6.0.11]
	at org.springframework.context.support.AbstractApplicationContext.refresh(AbstractApplicationContext.java:608) ~[spring-context-6.0.11.jar:6.0.11]
	at org.springframework.boot.web.servlet.context.ServletWebServerApplicationContext.refresh(ServletWebServerApplicationContext.java:146) ~[spring-boot-3.1.2.jar:3.1.2]
	at org.springframework.boot.SpringApplication.refresh(SpringApplication.java:734) ~[spring-boot-3.1.2.jar:3.1.2]
	at org.springframework.boot.SpringApplication.refreshContext(SpringApplication.java:436) ~[spring-boot-3.1.2.jar:3.1.2]
	at org.springframework.boot.SpringApplication.run(SpringApplication.java:312) ~[spring-boot-3.1.2.jar:3.1.2]
	at org.springframework.boot.SpringApplication.run(SpringApplication.java:1306) ~[spring-boot-3.1.2.jar:3.1.2]
	at org.springframework.boot.SpringApplication.run(SpringApplication.java:1295) ~[spring-boot-3.1.2.jar:3.1.2]
	at com.fundy.FundyBE.FundyBeApplication.main(FundyBeApplication.java:10) ~[classes/:na]
Caused by: java.sql.SQLException: Column count doesn't match value count at row 1
	at com.mysql.cj.jdbc.exceptions.SQLError.createSQLException(SQLError.java:130) ~[mysql-connector-j-8.0.33.jar:8.0.33]
	at com.mysql.cj.jdbc.exceptions.SQLExceptionsMapping.translateException(SQLExceptionsMapping.java:122) ~[mysql-connector-j-8.0.33.jar:8.0.33]
	at com.mysql.cj.jdbc.StatementImpl.executeInternal(StatementImpl.java:763) ~[mysql-connector-j-8.0.33.jar:8.0.33]
	at com.mysql.cj.jdbc.StatementImpl.execute(StatementImpl.java:648) ~[mysql-connector-j-8.0.33.jar:8.0.33]
	at com.zaxxer.hikari.pool.ProxyStatement.execute(ProxyStatement.java:94) ~[HikariCP-5.0.1.jar:na]
	at com.zaxxer.hikari.pool.HikariProxyStatement.execute(HikariProxyStatement.java) ~[HikariCP-5.0.1.jar:na]
	at org.hibernate.tool.schema.internal.exec.GenerationTargetToDatabase.accept(GenerationTargetToDatabase.java:78) ~[hibernate-core-6.2.6.Final.jar:6.2.6.Final]
	... 39 common frames omitted

2023-08-29T00:18:40.379+09:00  INFO 78880 --- [main] j.LocalContainerEntityManagerFactoryBean : Initialized JPA EntityManagerFactory for persistence unit 'default'
2023-08-29T00:18:40.486+09:00  WARN 78880 --- [main] ocalVariableTableParameterNameDiscoverer : Using deprecated '-debug' fallback for parameter name resolution. Compile the affected code with '-parameters' instead or avoid its introspection: com.fundy.FundyBE.domain.user.repository.UserRepository
2023-08-29T00:18:40.693+09:00  WARN 78880 --- [main] ocalVariableTableParameterNameDiscoverer : Using deprecated '-debug' fallback for parameter name resolution. Compile the affected code with '-parameters' instead or avoid its introspection: com.fundy.FundyBE.global.config.redis.refreshinfo.RefreshInfoRedisRepository
2023-08-29T00:18:40.704+09:00  WARN 78880 --- [main] ocalVariableTableParameterNameDiscoverer : Using deprecated '-debug' fallback for parameter name resolution. Compile the affected code with '-parameters' instead or avoid its introspection: com.fundy.FundyBE.global.config.redis.logoutinfo.LogoutInfoRedisRepository
2023-08-29T00:18:41.013+09:00  WARN 78880 --- [main] JpaBaseConfiguration$JpaWebConfiguration : spring.jpa.open-in-view is enabled by default. Therefore, database queries may be performed during view rendering. Explicitly configure spring.jpa.open-in-view to disable this warning
2023-08-29T00:18:41.179+09:00  INFO 78880 --- [main] o.s.s.web.DefaultSecurityFilterChain     : Will secure any request with [org.springframework.security.web.session.DisableEncodeUrlFilter@f511a8e, org.springframework.security.web.context.request.async.WebAsyncManagerIntegrationFilter@421f447f, org.springframework.security.web.context.SecurityContextHolderFilter@4ed096cc, org.springframework.security.web.header.HeaderWriterFilter@54d5500e, org.springframework.security.web.authentication.logout.LogoutFilter@63fcbf75, org.springframework.security.oauth2.client.web.OAuth2AuthorizationRequestRedirectFilter@136a2e3b, org.springframework.security.oauth2.client.web.OAuth2LoginAuthenticationFilter@62a5e4c7, com.fundy.FundyBE.global.config.security.filter.JwtAuthenticationFilter@3287cf03, org.springframework.security.web.savedrequest.RequestCacheAwareFilter@43e7ca6f, org.springframework.security.web.servletapi.SecurityContextHolderAwareRequestFilter@35427786, org.springframework.security.web.authentication.AnonymousAuthenticationFilter@3872c85f, org.springframework.security.web.session.SessionManagementFilter@5e136445, org.springframework.security.web.access.ExceptionTranslationFilter@1ca876b7, org.springframework.security.web.access.intercept.AuthorizationFilter@7859bd9a]
2023-08-29T00:18:41.332+09:00  INFO 78880 --- [main] o.s.b.w.embedded.tomcat.TomcatWebServer  : Tomcat started on port(s): 8080 (http) with context path '/api'
2023-08-29T00:18:41.338+09:00  INFO 78880 --- [main] com.fundy.FundyBE.FundyBeApplication     : Started FundyBeApplication in 2.975 seconds (process running for 3.206)
2023-08-29T01:07:07.410+09:00  WARN 78880 --- [HikariPool-1 housekeeper] com.zaxxer.hikari.pool.HikariPool        : HikariPool-1 - Thread starvation or clock leap detected (housekeeper delta=32m57s252ms).
2023-08-29T01:10:49.335+09:00  WARN 78880 --- [HikariPool-1 housekeeper] com.zaxxer.hikari.pool.HikariPool        : HikariPool-1 - Thread starvation or clock leap detected (housekeeper delta=3m41s925ms).
2023-08-29T01:10:54.548+09:00  INFO 78880 --- [SpringApplicationShutdownHook] j.LocalContainerEntityManagerFactoryBean : Closing JPA EntityManagerFactory for persistence unit 'default'
2023-08-29T01:10:54.606+09:00  INFO 78880 --- [SpringApplicationShutdownHook] com.zaxxer.hikari.HikariDataSource       : HikariPool-1 - Shutdown initiated...
2023-08-29T01:10:54.610+09:00  INFO 78880 --- [SpringApplicationShutdownHook] com.zaxxer.hikari.HikariDataSource       : HikariPool-1 - Shutdown completed.
2023-08-29T01:10:55.901+09:00  INFO 79157 --- [main] com.fundy.FundyBE.FundyBeApplication     : Starting FundyBeApplication using Java 17.0.2 with PID 79157 (/Users/dongwon_kim/Desktop/project/Fundy-BE/out/production/classes started by dongwon_kim in /Users/dongwon_kim/Desktop/project/Fundy-BE)
2023-08-29T01:10:55.903+09:00  INFO 79157 --- [main] com.fundy.FundyBE.FundyBeApplication     : No active profile set, falling back to 1 default profile: "default"
2023-08-29T01:10:56.211+09:00  INFO 79157 --- [main] .s.d.r.c.RepositoryConfigurationDelegate : Multiple Spring Data modules found, entering strict repository configuration mode
2023-08-29T01:10:56.211+09:00  INFO 79157 --- [main] .s.d.r.c.RepositoryConfigurationDelegate : Bootstrapping Spring Data Redis repositories in DEFAULT mode.
2023-08-29T01:10:56.284+09:00  INFO 79157 --- [main] .s.d.r.c.RepositoryConfigurationDelegate : Finished Spring Data repository scanning in 65 ms. Found 2 Redis repository interfaces.
2023-08-29T01:10:56.408+09:00  INFO 79157 --- [main] .s.d.r.c.RepositoryConfigurationDelegate : Multiple Spring Data modules found, entering strict repository configuration mode
2023-08-29T01:10:56.409+09:00  INFO 79157 --- [main] .s.d.r.c.RepositoryConfigurationDelegate : Bootstrapping Spring Data JPA repositories in DEFAULT mode.
2023-08-29T01:10:56.424+09:00  INFO 79157 --- [main] .RepositoryConfigurationExtensionSupport : Spring Data JPA - Could not safely identify store assignment for repository candidate interface com.fundy.FundyBE.global.config.redis.logoutinfo.LogoutInfoRedisRepository; If you want this repository to be a JPA repository, consider annotating your entities with one of these annotations: jakarta.persistence.Entity, jakarta.persistence.MappedSuperclass (preferred), or consider extending one of the following types with your repository: org.springframework.data.jpa.repository.JpaRepository
2023-08-29T01:10:56.424+09:00  INFO 79157 --- [main] .RepositoryConfigurationExtensionSupport : Spring Data JPA - Could not safely identify store assignment for repository candidate interface com.fundy.FundyBE.global.config.redis.refreshinfo.RefreshInfoRedisRepository; If you want this repository to be a JPA repository, consider annotating your entities with one of these annotations: jakarta.persistence.Entity, jakarta.persistence.MappedSuperclass (preferred), or consider extending one of the following types with your repository: org.springframework.data.jpa.repository.JpaRepository
2023-08-29T01:10:56.428+09:00  INFO 79157 --- [main] .s.d.r.c.RepositoryConfigurationDelegate : Finished Spring Data repository scanning in 18 ms. Found 1 JPA repository interfaces.
2023-08-29T01:10:56.708+09:00  INFO 79157 --- [main] o.s.b.w.embedded.tomcat.TomcatWebServer  : Tomcat initialized with port(s): 8080 (http)
2023-08-29T01:10:56.713+09:00  INFO 79157 --- [main] o.apache.catalina.core.StandardService   : Starting service [Tomcat]
2023-08-29T01:10:56.713+09:00  INFO 79157 --- [main] o.apache.catalina.core.StandardEngine    : Starting Servlet engine: [Apache Tomcat/10.1.11]
2023-08-29T01:10:56.754+09:00  INFO 79157 --- [main] o.a.c.c.C.[Tomcat].[localhost].[/api]    : Initializing Spring embedded WebApplicationContext
2023-08-29T01:10:56.754+09:00  INFO 79157 --- [main] w.s.c.ServletWebServerApplicationContext : Root WebApplicationContext: initialization completed in 828 ms
2023-08-29T01:10:56.826+09:00  INFO 79157 --- [main] o.hibernate.jpa.internal.util.LogHelper  : HHH000204: Processing PersistenceUnitInfo [name: default]
2023-08-29T01:10:56.847+09:00  INFO 79157 --- [main] org.hibernate.Version                    : HHH000412: Hibernate ORM core version 6.2.6.Final
2023-08-29T01:10:56.848+09:00  INFO 79157 --- [main] org.hibernate.cfg.Environment            : HHH000406: Using bytecode reflection optimizer
2023-08-29T01:10:56.897+09:00  INFO 79157 --- [main] o.h.b.i.BytecodeProviderInitiator        : HHH000021: Bytecode provider name : bytebuddy
2023-08-29T01:10:56.965+09:00  INFO 79157 --- [main] o.s.o.j.p.SpringPersistenceUnitInfo      : No LoadTimeWeaver setup: ignoring JPA class transformer
2023-08-29T01:10:56.973+09:00  INFO 79157 --- [main] com.zaxxer.hikari.HikariDataSource       : HikariPool-1 - Starting...
2023-08-29T01:10:57.073+09:00  INFO 79157 --- [main] com.zaxxer.hikari.pool.HikariPool        : HikariPool-1 - Added connection com.mysql.cj.jdbc.ConnectionImpl@bb50de6
2023-08-29T01:10:57.074+09:00  INFO 79157 --- [main] com.zaxxer.hikari.HikariDataSource       : HikariPool-1 - Start completed.
2023-08-29T01:10:57.193+09:00  INFO 79157 --- [main] o.h.b.i.BytecodeProviderInitiator        : HHH000021: Bytecode provider name : bytebuddy
2023-08-29T01:10:57.476+09:00  INFO 79157 --- [main] o.h.e.t.j.p.i.JtaPlatformInitiator       : HHH000490: Using JtaPlatform implementation: [org.hibernate.engine.transaction.jta.platform.internal.NoJtaPlatform]
2023-08-29T01:10:57.590+09:00  WARN 79157 --- [main] o.h.t.s.i.ExceptionHandlerLoggedImpl     : GenerationTarget encountered exception accepting command : Error executing DDL "insert into genre values ("드라마")" via JDBC [Column count doesn't match value count at row 1]

org.hibernate.tool.schema.spi.CommandAcceptanceException: Error executing DDL "insert into genre values ("드라마")" via JDBC [Column count doesn't match value count at row 1]
	at org.hibernate.tool.schema.internal.exec.GenerationTargetToDatabase.accept(GenerationTargetToDatabase.java:92) ~[hibernate-core-6.2.6.Final.jar:6.2.6.Final]
	at org.hibernate.tool.schema.internal.Helper.applySqlString(Helper.java:235) ~[hibernate-core-6.2.6.Final.jar:6.2.6.Final]
	at org.hibernate.tool.schema.internal.Helper.applyScript(Helper.java:257) ~[hibernate-core-6.2.6.Final.jar:6.2.6.Final]
	at org.hibernate.tool.schema.internal.SchemaCreatorImpl.applyImportFiles(SchemaCreatorImpl.java:650) ~[hibernate-core-6.2.6.Final.jar:6.2.6.Final]
	at org.hibernate.tool.schema.internal.SchemaCreatorImpl.applyImportSources(SchemaCreatorImpl.java:569) ~[hibernate-core-6.2.6.Final.jar:6.2.6.Final]
	at org.hibernate.tool.schema.internal.SchemaCreatorImpl.performCreation(SchemaCreatorImpl.java:184) ~[hibernate-core-6.2.6.Final.jar:6.2.6.Final]
	at org.hibernate.tool.schema.internal.SchemaCreatorImpl.doCreation(SchemaCreatorImpl.java:142) ~[hibernate-core-6.2.6.Final.jar:6.2.6.Final]
	at org.hibernate.tool.schema.internal.SchemaCreatorImpl.doCreation(SchemaCreatorImpl.java:118) ~[hibernate-core-6.2.6.Final.jar:6.2.6.Final]
	at org.hibernate.tool.schema.spi.SchemaManagementToolCoordinator.performDatabaseAction(SchemaManagementToolCoordinator.java:254) ~[hibernate-core-6.2.6.Final.jar:6.2.6.Final]
	at org.hibernate.tool.schema.spi.SchemaManagementToolCoordinator.lambda$process$5(SchemaManagementToolCoordinator.java:143) ~[hibernate-core-6.2.6.Final.jar:6.2.6.Final]
	at java.base/java.util.HashMap.forEach(HashMap.java:1421) ~[na:na]
	at org.hibernate.tool.schema.spi.SchemaManagementToolCoordinator.process(SchemaManagementToolCoordinator.java:140) ~[hibernate-core-6.2.6.Final.jar:6.2.6.Final]
	at org.hibernate.boot.internal.SessionFactoryObserverForSchemaExport.sessionFactoryCreated(SessionFactoryObserverForSchemaExport.java:37) ~[hibernate-core-6.2.6.Final.jar:6.2.6.Final]
	at org.hibernate.internal.SessionFactoryObserverChain.sessionFactoryCreated(SessionFactoryObserverChain.java:35) ~[hibernate-core-6.2.6.Final.jar:6.2.6.Final]
	at org.hibernate.internal.SessionFactoryImpl.<init>(SessionFactoryImpl.java:292) ~[hibernate-core-6.2.6.Final.jar:6.2.6.Final]
	at org.hibernate.boot.internal.SessionFactoryBuilderImpl.build(SessionFactoryBuilderImpl.java:431) ~[hibernate-core-6.2.6.Final.jar:6.2.6.Final]
	at org.hibernate.jpa.boot.internal.EntityManagerFactoryBuilderImpl.build(EntityManagerFactoryBuilderImpl.java:1455) ~[hibernate-core-6.2.6.Final.jar:6.2.6.Final]
	at org.springframework.orm.jpa.vendor.SpringHibernateJpaPersistenceProvider.createContainerEntityManagerFactory(SpringHibernateJpaPersistenceProvider.java:75) ~[spring-orm-6.0.11.jar:6.0.11]
	at org.springframework.orm.jpa.LocalContainerEntityManagerFactoryBean.createNativeEntityManagerFactory(LocalContainerEntityManagerFactoryBean.java:376) ~[spring-orm-6.0.11.jar:6.0.11]
	at org.springframework.orm.jpa.AbstractEntityManagerFactoryBean.buildNativeEntityManagerFactory(AbstractEntityManagerFactoryBean.java:409) ~[spring-orm-6.0.11.jar:6.0.11]
	at org.springframework.orm.jpa.AbstractEntityManagerFactoryBean.afterPropertiesSet(AbstractEntityManagerFactoryBean.java:396) ~[spring-orm-6.0.11.jar:6.0.11]
	at org.springframework.orm.jpa.LocalContainerEntityManagerFactoryBean.afterPropertiesSet(LocalContainerEntityManagerFactoryBean.java:352) ~[spring-orm-6.0.11.jar:6.0.11]
	at org.springframework.beans.factory.support.AbstractAutowireCapableBeanFactory.invokeInitMethods(AbstractAutowireCapableBeanFactory.java:1817) ~[spring-beans-6.0.11.jar:6.0.11]
	at org.springframework.beans.factory.support.AbstractAutowireCapableBeanFactory.initializeBean(AbstractAutowireCapableBeanFactory.java:1766) ~[spring-beans-6.0.11.jar:6.0.11]
	at org.springframework.beans.factory.support.AbstractAutowireCapableBeanFactory.doCreateBean(AbstractAutowireCapableBeanFactory.java:598) ~[spring-beans-6.0.11.jar:6.0.11]
	at org.springframework.beans.factory.support.AbstractAutowireCapableBeanFactory.createBean(AbstractAutowireCapableBeanFactory.java:520) ~[spring-beans-6.0.11.jar:6.0.11]
	at org.springframework.beans.factory.support.AbstractBeanFactory.lambda$doGetBean$0(AbstractBeanFactory.java:326) ~[spring-beans-6.0.11.jar:6.0.11]
	at org.springframework.beans.factory.support.DefaultSingletonBeanRegistry.getSingleton(DefaultSingletonBeanRegistry.java:234) ~[spring-beans-6.0.11.jar:6.0.11]
	at org.springframework.beans.factory.support.AbstractBeanFactory.doGetBean(AbstractBeanFactory.java:324) ~[spring-beans-6.0.11.jar:6.0.11]
	at org.springframework.beans.factory.support.AbstractBeanFactory.getBean(AbstractBeanFactory.java:200) ~[spring-beans-6.0.11.jar:6.0.11]
	at org.springframework.context.support.AbstractApplicationContext.getBean(AbstractApplicationContext.java:1155) ~[spring-context-6.0.11.jar:6.0.11]
	at org.springframework.context.support.AbstractApplicationContext.finishBeanFactoryInitialization(AbstractApplicationContext.java:932) ~[spring-context-6.0.11.jar:6.0.11]
	at org.springframework.context.support.AbstractApplicationContext.refresh(AbstractApplicationContext.java:608) ~[spring-context-6.0.11.jar:6.0.11]
	at org.springframework.boot.web.servlet.context.ServletWebServerApplicationContext.refresh(ServletWebServerApplicationContext.java:146) ~[spring-boot-3.1.2.jar:3.1.2]
	at org.springframework.boot.SpringApplication.refresh(SpringApplication.java:734) ~[spring-boot-3.1.2.jar:3.1.2]
	at org.springframework.boot.SpringApplication.refreshContext(SpringApplication.java:436) ~[spring-boot-3.1.2.jar:3.1.2]
	at org.springframework.boot.SpringApplication.run(SpringApplication.java:312) ~[spring-boot-3.1.2.jar:3.1.2]
	at org.springframework.boot.SpringApplication.run(SpringApplication.java:1306) ~[spring-boot-3.1.2.jar:3.1.2]
	at org.springframework.boot.SpringApplication.run(SpringApplication.java:1295) ~[spring-boot-3.1.2.jar:3.1.2]
	at com.fundy.FundyBE.FundyBeApplication.main(FundyBeApplication.java:10) ~[classes/:na]
Caused by: java.sql.SQLException: Column count doesn't match value count at row 1
	at com.mysql.cj.jdbc.exceptions.SQLError.createSQLException(SQLError.java:130) ~[mysql-connector-j-8.0.33.jar:8.0.33]
	at com.mysql.cj.jdbc.exceptions.SQLExceptionsMapping.translateException(SQLExceptionsMapping.java:122) ~[mysql-connector-j-8.0.33.jar:8.0.33]
	at com.mysql.cj.jdbc.StatementImpl.executeInternal(StatementImpl.java:763) ~[mysql-connector-j-8.0.33.jar:8.0.33]
	at com.mysql.cj.jdbc.StatementImpl.execute(StatementImpl.java:648) ~[mysql-connector-j-8.0.33.jar:8.0.33]
	at com.zaxxer.hikari.pool.ProxyStatement.execute(ProxyStatement.java:94) ~[HikariCP-5.0.1.jar:na]
	at com.zaxxer.hikari.pool.HikariProxyStatement.execute(HikariProxyStatement.java) ~[HikariCP-5.0.1.jar:na]
	at org.hibernate.tool.schema.internal.exec.GenerationTargetToDatabase.accept(GenerationTargetToDatabase.java:78) ~[hibernate-core-6.2.6.Final.jar:6.2.6.Final]
	... 39 common frames omitted

2023-08-29T01:10:57.594+09:00  INFO 79157 --- [main] j.LocalContainerEntityManagerFactoryBean : Initialized JPA EntityManagerFactory for persistence unit 'default'
2023-08-29T01:10:57.706+09:00  WARN 79157 --- [main] ocalVariableTableParameterNameDiscoverer : Using deprecated '-debug' fallback for parameter name resolution. Compile the affected code with '-parameters' instead or avoid its introspection: com.fundy.FundyBE.domain.user.repository.UserRepository
2023-08-29T01:10:57.889+09:00  WARN 79157 --- [main] ocalVariableTableParameterNameDiscoverer : Using deprecated '-debug' fallback for parameter name resolution. Compile the affected code with '-parameters' instead or avoid its introspection: com.fundy.FundyBE.global.config.redis.refreshinfo.RefreshInfoRedisRepository
2023-08-29T01:10:57.896+09:00  WARN 79157 --- [main] ocalVariableTableParameterNameDiscoverer : Using deprecated '-debug' fallback for parameter name resolution. Compile the affected code with '-parameters' instead or avoid its introspection: com.fundy.FundyBE.global.config.redis.logoutinfo.LogoutInfoRedisRepository
2023-08-29T01:10:58.204+09:00  WARN 79157 --- [main] JpaBaseConfiguration$JpaWebConfiguration : spring.jpa.open-in-view is enabled by default. Therefore, database queries may be performed during view rendering. Explicitly configure spring.jpa.open-in-view to disable this warning
2023-08-29T01:10:58.362+09:00  INFO 79157 --- [main] o.s.s.web.DefaultSecurityFilterChain     : Will secure any request with [org.springframework.security.web.session.DisableEncodeUrlFilter@2cc3df02, org.springframework.security.web.context.request.async.WebAsyncManagerIntegrationFilter@2a3de2b, org.springframework.security.web.context.SecurityContextHolderFilter@27449f65, org.springframework.security.web.header.HeaderWriterFilter@43c25e89, org.springframework.security.web.authentication.logout.LogoutFilter@36ba9aa3, org.springframework.security.oauth2.client.web.OAuth2AuthorizationRequestRedirectFilter@64d49e35, org.springframework.security.oauth2.client.web.OAuth2LoginAuthenticationFilter@665902eb, com.fundy.FundyBE.global.config.security.filter.JwtAuthenticationFilter@22a9fa23, org.springframework.security.web.savedrequest.RequestCacheAwareFilter@1ff55410, org.springframework.security.web.servletapi.SecurityContextHolderAwareRequestFilter@d2161b6, org.springframework.security.web.authentication.AnonymousAuthenticationFilter@7859bd9a, org.springframework.security.web.session.SessionManagementFilter@3c2406dd, org.springframework.security.web.access.ExceptionTranslationFilter@3c2b7322, org.springframework.security.web.access.intercept.AuthorizationFilter@2e3fdf30]
2023-08-29T01:10:58.526+09:00  INFO 79157 --- [main] o.s.b.w.embedded.tomcat.TomcatWebServer  : Tomcat started on port(s): 8080 (http) with context path '/api'
2023-08-29T01:10:58.531+09:00  INFO 79157 --- [main] com.fundy.FundyBE.FundyBeApplication     : Started FundyBeApplication in 2.885 seconds (process running for 3.113)
2023-08-29T01:11:16.057+09:00  INFO 79157 --- [SpringApplicationShutdownHook] j.LocalContainerEntityManagerFactoryBean : Closing JPA EntityManagerFactory for persistence unit 'default'
2023-08-29T01:11:16.113+09:00  INFO 79157 --- [SpringApplicationShutdownHook] com.zaxxer.hikari.HikariDataSource       : HikariPool-1 - Shutdown initiated...
2023-08-29T01:11:16.120+09:00  INFO 79157 --- [SpringApplicationShutdownHook] com.zaxxer.hikari.HikariDataSource       : HikariPool-1 - Shutdown completed.
2023-08-29T01:11:17.308+09:00  INFO 79175 --- [main] com.fundy.FundyBE.FundyBeApplication     : Starting FundyBeApplication using Java 17.0.2 with PID 79175 (/Users/dongwon_kim/Desktop/project/Fundy-BE/out/production/classes started by dongwon_kim in /Users/dongwon_kim/Desktop/project/Fundy-BE)
2023-08-29T01:11:17.309+09:00  INFO 79175 --- [main] com.fundy.FundyBE.FundyBeApplication     : No active profile set, falling back to 1 default profile: "default"
2023-08-29T01:11:17.601+09:00  INFO 79175 --- [main] .s.d.r.c.RepositoryConfigurationDelegate : Multiple Spring Data modules found, entering strict repository configuration mode
2023-08-29T01:11:17.602+09:00  INFO 79175 --- [main] .s.d.r.c.RepositoryConfigurationDelegate : Bootstrapping Spring Data Redis repositories in DEFAULT mode.
2023-08-29T01:11:17.678+09:00  INFO 79175 --- [main] .s.d.r.c.RepositoryConfigurationDelegate : Finished Spring Data repository scanning in 68 ms. Found 2 Redis repository interfaces.
2023-08-29T01:11:17.805+09:00  INFO 79175 --- [main] .s.d.r.c.RepositoryConfigurationDelegate : Multiple Spring Data modules found, entering strict repository configuration mode
2023-08-29T01:11:17.806+09:00  INFO 79175 --- [main] .s.d.r.c.RepositoryConfigurationDelegate : Bootstrapping Spring Data JPA repositories in DEFAULT mode.
2023-08-29T01:11:17.819+09:00  INFO 79175 --- [main] .RepositoryConfigurationExtensionSupport : Spring Data JPA - Could not safely identify store assignment for repository candidate interface com.fundy.FundyBE.global.config.redis.logoutinfo.LogoutInfoRedisRepository; If you want this repository to be a JPA repository, consider annotating your entities with one of these annotations: jakarta.persistence.Entity, jakarta.persistence.MappedSuperclass (preferred), or consider extending one of the following types with your repository: org.springframework.data.jpa.repository.JpaRepository
2023-08-29T01:11:17.820+09:00  INFO 79175 --- [main] .RepositoryConfigurationExtensionSupport : Spring Data JPA - Could not safely identify store assignment for repository candidate interface com.fundy.FundyBE.global.config.redis.refreshinfo.RefreshInfoRedisRepository; If you want this repository to be a JPA repository, consider annotating your entities with one of these annotations: jakarta.persistence.Entity, jakarta.persistence.MappedSuperclass (preferred), or consider extending one of the following types with your repository: org.springframework.data.jpa.repository.JpaRepository
2023-08-29T01:11:17.823+09:00  INFO 79175 --- [main] .s.d.r.c.RepositoryConfigurationDelegate : Finished Spring Data repository scanning in 16 ms. Found 1 JPA repository interfaces.
2023-08-29T01:11:18.095+09:00  INFO 79175 --- [main] o.s.b.w.embedded.tomcat.TomcatWebServer  : Tomcat initialized with port(s): 8080 (http)
2023-08-29T01:11:18.099+09:00  INFO 79175 --- [main] o.apache.catalina.core.StandardService   : Starting service [Tomcat]
2023-08-29T01:11:18.099+09:00  INFO 79175 --- [main] o.apache.catalina.core.StandardEngine    : Starting Servlet engine: [Apache Tomcat/10.1.11]
2023-08-29T01:11:18.143+09:00  INFO 79175 --- [main] o.a.c.c.C.[Tomcat].[localhost].[/api]    : Initializing Spring embedded WebApplicationContext
2023-08-29T01:11:18.143+09:00  INFO 79175 --- [main] w.s.c.ServletWebServerApplicationContext : Root WebApplicationContext: initialization completed in 816 ms
2023-08-29T01:11:18.229+09:00  INFO 79175 --- [main] o.hibernate.jpa.internal.util.LogHelper  : HHH000204: Processing PersistenceUnitInfo [name: default]
2023-08-29T01:11:18.251+09:00  INFO 79175 --- [main] org.hibernate.Version                    : HHH000412: Hibernate ORM core version 6.2.6.Final
2023-08-29T01:11:18.252+09:00  INFO 79175 --- [main] org.hibernate.cfg.Environment            : HHH000406: Using bytecode reflection optimizer
2023-08-29T01:11:18.300+09:00  INFO 79175 --- [main] o.h.b.i.BytecodeProviderInitiator        : HHH000021: Bytecode provider name : bytebuddy
2023-08-29T01:11:18.367+09:00  INFO 79175 --- [main] o.s.o.j.p.SpringPersistenceUnitInfo      : No LoadTimeWeaver setup: ignoring JPA class transformer
2023-08-29T01:11:18.374+09:00  INFO 79175 --- [main] com.zaxxer.hikari.HikariDataSource       : HikariPool-1 - Starting...
2023-08-29T01:11:18.458+09:00  INFO 79175 --- [main] com.zaxxer.hikari.pool.HikariPool        : HikariPool-1 - Added connection com.mysql.cj.jdbc.ConnectionImpl@a6dffdb
2023-08-29T01:11:18.459+09:00  INFO 79175 --- [main] com.zaxxer.hikari.HikariDataSource       : HikariPool-1 - Start completed.
2023-08-29T01:11:18.578+09:00  INFO 79175 --- [main] o.h.b.i.BytecodeProviderInitiator        : HHH000021: Bytecode provider name : bytebuddy
2023-08-29T01:11:18.874+09:00  INFO 79175 --- [main] o.h.e.t.j.p.i.JtaPlatformInitiator       : HHH000490: Using JtaPlatform implementation: [org.hibernate.engine.transaction.jta.platform.internal.NoJtaPlatform]
2023-08-29T01:11:18.960+09:00  WARN 79175 --- [main] o.h.t.s.i.ExceptionHandlerLoggedImpl     : GenerationTarget encountered exception accepting command : Error executing DDL "insert into (name) genre values ("드라마")" via JDBC [You have an error in your SQL syntax; check the manual that corresponds to your MySQL server version for the right syntax to use near '(name) genre values ("드라마")' at line 1]

org.hibernate.tool.schema.spi.CommandAcceptanceException: Error executing DDL "insert into (name) genre values ("드라마")" via JDBC [You have an error in your SQL syntax; check the manual that corresponds to your MySQL server version for the right syntax to use near '(name) genre values ("드라마")' at line 1]
	at org.hibernate.tool.schema.internal.exec.GenerationTargetToDatabase.accept(GenerationTargetToDatabase.java:92) ~[hibernate-core-6.2.6.Final.jar:6.2.6.Final]
	at org.hibernate.tool.schema.internal.Helper.applySqlString(Helper.java:235) ~[hibernate-core-6.2.6.Final.jar:6.2.6.Final]
	at org.hibernate.tool.schema.internal.Helper.applyScript(Helper.java:257) ~[hibernate-core-6.2.6.Final.jar:6.2.6.Final]
	at org.hibernate.tool.schema.internal.SchemaCreatorImpl.applyImportFiles(SchemaCreatorImpl.java:650) ~[hibernate-core-6.2.6.Final.jar:6.2.6.Final]
	at org.hibernate.tool.schema.internal.SchemaCreatorImpl.applyImportSources(SchemaCreatorImpl.java:569) ~[hibernate-core-6.2.6.Final.jar:6.2.6.Final]
	at org.hibernate.tool.schema.internal.SchemaCreatorImpl.performCreation(SchemaCreatorImpl.java:184) ~[hibernate-core-6.2.6.Final.jar:6.2.6.Final]
	at org.hibernate.tool.schema.internal.SchemaCreatorImpl.doCreation(SchemaCreatorImpl.java:142) ~[hibernate-core-6.2.6.Final.jar:6.2.6.Final]
	at org.hibernate.tool.schema.internal.SchemaCreatorImpl.doCreation(SchemaCreatorImpl.java:118) ~[hibernate-core-6.2.6.Final.jar:6.2.6.Final]
	at org.hibernate.tool.schema.spi.SchemaManagementToolCoordinator.performDatabaseAction(SchemaManagementToolCoordinator.java:254) ~[hibernate-core-6.2.6.Final.jar:6.2.6.Final]
	at org.hibernate.tool.schema.spi.SchemaManagementToolCoordinator.lambda$process$5(SchemaManagementToolCoordinator.java:143) ~[hibernate-core-6.2.6.Final.jar:6.2.6.Final]
	at java.base/java.util.HashMap.forEach(HashMap.java:1421) ~[na:na]
	at org.hibernate.tool.schema.spi.SchemaManagementToolCoordinator.process(SchemaManagementToolCoordinator.java:140) ~[hibernate-core-6.2.6.Final.jar:6.2.6.Final]
	at org.hibernate.boot.internal.SessionFactoryObserverForSchemaExport.sessionFactoryCreated(SessionFactoryObserverForSchemaExport.java:37) ~[hibernate-core-6.2.6.Final.jar:6.2.6.Final]
	at org.hibernate.internal.SessionFactoryObserverChain.sessionFactoryCreated(SessionFactoryObserverChain.java:35) ~[hibernate-core-6.2.6.Final.jar:6.2.6.Final]
	at org.hibernate.internal.SessionFactoryImpl.<init>(SessionFactoryImpl.java:292) ~[hibernate-core-6.2.6.Final.jar:6.2.6.Final]
	at org.hibernate.boot.internal.SessionFactoryBuilderImpl.build(SessionFactoryBuilderImpl.java:431) ~[hibernate-core-6.2.6.Final.jar:6.2.6.Final]
	at org.hibernate.jpa.boot.internal.EntityManagerFactoryBuilderImpl.build(EntityManagerFactoryBuilderImpl.java:1455) ~[hibernate-core-6.2.6.Final.jar:6.2.6.Final]
	at org.springframework.orm.jpa.vendor.SpringHibernateJpaPersistenceProvider.createContainerEntityManagerFactory(SpringHibernateJpaPersistenceProvider.java:75) ~[spring-orm-6.0.11.jar:6.0.11]
	at org.springframework.orm.jpa.LocalContainerEntityManagerFactoryBean.createNativeEntityManagerFactory(LocalContainerEntityManagerFactoryBean.java:376) ~[spring-orm-6.0.11.jar:6.0.11]
	at org.springframework.orm.jpa.AbstractEntityManagerFactoryBean.buildNativeEntityManagerFactory(AbstractEntityManagerFactoryBean.java:409) ~[spring-orm-6.0.11.jar:6.0.11]
	at org.springframework.orm.jpa.AbstractEntityManagerFactoryBean.afterPropertiesSet(AbstractEntityManagerFactoryBean.java:396) ~[spring-orm-6.0.11.jar:6.0.11]
	at org.springframework.orm.jpa.LocalContainerEntityManagerFactoryBean.afterPropertiesSet(LocalContainerEntityManagerFactoryBean.java:352) ~[spring-orm-6.0.11.jar:6.0.11]
	at org.springframework.beans.factory.support.AbstractAutowireCapableBeanFactory.invokeInitMethods(AbstractAutowireCapableBeanFactory.java:1817) ~[spring-beans-6.0.11.jar:6.0.11]
	at org.springframework.beans.factory.support.AbstractAutowireCapableBeanFactory.initializeBean(AbstractAutowireCapableBeanFactory.java:1766) ~[spring-beans-6.0.11.jar:6.0.11]
	at org.springframework.beans.factory.support.AbstractAutowireCapableBeanFactory.doCreateBean(AbstractAutowireCapableBeanFactory.java:598) ~[spring-beans-6.0.11.jar:6.0.11]
	at org.springframework.beans.factory.support.AbstractAutowireCapableBeanFactory.createBean(AbstractAutowireCapableBeanFactory.java:520) ~[spring-beans-6.0.11.jar:6.0.11]
	at org.springframework.beans.factory.support.AbstractBeanFactory.lambda$doGetBean$0(AbstractBeanFactory.java:326) ~[spring-beans-6.0.11.jar:6.0.11]
	at org.springframework.beans.factory.support.DefaultSingletonBeanRegistry.getSingleton(DefaultSingletonBeanRegistry.java:234) ~[spring-beans-6.0.11.jar:6.0.11]
	at org.springframework.beans.factory.support.AbstractBeanFactory.doGetBean(AbstractBeanFactory.java:324) ~[spring-beans-6.0.11.jar:6.0.11]
	at org.springframework.beans.factory.support.AbstractBeanFactory.getBean(AbstractBeanFactory.java:200) ~[spring-beans-6.0.11.jar:6.0.11]
	at org.springframework.context.support.AbstractApplicationContext.getBean(AbstractApplicationContext.java:1155) ~[spring-context-6.0.11.jar:6.0.11]
	at org.springframework.context.support.AbstractApplicationContext.finishBeanFactoryInitialization(AbstractApplicationContext.java:932) ~[spring-context-6.0.11.jar:6.0.11]
	at org.springframework.context.support.AbstractApplicationContext.refresh(AbstractApplicationContext.java:608) ~[spring-context-6.0.11.jar:6.0.11]
	at org.springframework.boot.web.servlet.context.ServletWebServerApplicationContext.refresh(ServletWebServerApplicationContext.java:146) ~[spring-boot-3.1.2.jar:3.1.2]
	at org.springframework.boot.SpringApplication.refresh(SpringApplication.java:734) ~[spring-boot-3.1.2.jar:3.1.2]
	at org.springframework.boot.SpringApplication.refreshContext(SpringApplication.java:436) ~[spring-boot-3.1.2.jar:3.1.2]
	at org.springframework.boot.SpringApplication.run(SpringApplication.java:312) ~[spring-boot-3.1.2.jar:3.1.2]
	at org.springframework.boot.SpringApplication.run(SpringApplication.java:1306) ~[spring-boot-3.1.2.jar:3.1.2]
	at org.springframework.boot.SpringApplication.run(SpringApplication.java:1295) ~[spring-boot-3.1.2.jar:3.1.2]
	at com.fundy.FundyBE.FundyBeApplication.main(FundyBeApplication.java:10) ~[classes/:na]
Caused by: java.sql.SQLSyntaxErrorException: You have an error in your SQL syntax; check the manual that corresponds to your MySQL server version for the right syntax to use near '(name) genre values ("드라마")' at line 1
	at com.mysql.cj.jdbc.exceptions.SQLError.createSQLException(SQLError.java:121) ~[mysql-connector-j-8.0.33.jar:8.0.33]
	at com.mysql.cj.jdbc.exceptions.SQLExceptionsMapping.translateException(SQLExceptionsMapping.java:122) ~[mysql-connector-j-8.0.33.jar:8.0.33]
	at com.mysql.cj.jdbc.StatementImpl.executeInternal(StatementImpl.java:763) ~[mysql-connector-j-8.0.33.jar:8.0.33]
	at com.mysql.cj.jdbc.StatementImpl.execute(StatementImpl.java:648) ~[mysql-connector-j-8.0.33.jar:8.0.33]
	at com.zaxxer.hikari.pool.ProxyStatement.execute(ProxyStatement.java:94) ~[HikariCP-5.0.1.jar:na]
	at com.zaxxer.hikari.pool.HikariProxyStatement.execute(HikariProxyStatement.java) ~[HikariCP-5.0.1.jar:na]
	at org.hibernate.tool.schema.internal.exec.GenerationTargetToDatabase.accept(GenerationTargetToDatabase.java:78) ~[hibernate-core-6.2.6.Final.jar:6.2.6.Final]
	... 39 common frames omitted

2023-08-29T01:11:18.963+09:00  INFO 79175 --- [main] j.LocalContainerEntityManagerFactoryBean : Initialized JPA EntityManagerFactory for persistence unit 'default'
2023-08-29T01:11:19.074+09:00  WARN 79175 --- [main] ocalVariableTableParameterNameDiscoverer : Using deprecated '-debug' fallback for parameter name resolution. Compile the affected code with '-parameters' instead or avoid its introspection: com.fundy.FundyBE.domain.user.repository.UserRepository
2023-08-29T01:11:19.256+09:00  WARN 79175 --- [main] ocalVariableTableParameterNameDiscoverer : Using deprecated '-debug' fallback for parameter name resolution. Compile the affected code with '-parameters' instead or avoid its introspection: com.fundy.FundyBE.global.config.redis.refreshinfo.RefreshInfoRedisRepository
2023-08-29T01:11:19.262+09:00  WARN 79175 --- [main] ocalVariableTableParameterNameDiscoverer : Using deprecated '-debug' fallback for parameter name resolution. Compile the affected code with '-parameters' instead or avoid its introspection: com.fundy.FundyBE.global.config.redis.logoutinfo.LogoutInfoRedisRepository
2023-08-29T01:11:19.566+09:00  WARN 79175 --- [main] JpaBaseConfiguration$JpaWebConfiguration : spring.jpa.open-in-view is enabled by default. Therefore, database queries may be performed during view rendering. Explicitly configure spring.jpa.open-in-view to disable this warning
2023-08-29T01:11:19.724+09:00  INFO 79175 --- [main] o.s.s.web.DefaultSecurityFilterChain     : Will secure any request with [org.springframework.security.web.session.DisableEncodeUrlFilter@60580e42, org.springframework.security.web.context.request.async.WebAsyncManagerIntegrationFilter@6ca6d195, org.springframework.security.web.context.SecurityContextHolderFilter@23e0ef68, org.springframework.security.web.header.HeaderWriterFilter@3c2b7322, org.springframework.security.web.authentication.logout.LogoutFilter@7334dcbe, org.springframework.security.oauth2.client.web.OAuth2AuthorizationRequestRedirectFilter@63fcbf75, org.springframework.security.oauth2.client.web.OAuth2LoginAuthenticationFilter@663d59ed, com.fundy.FundyBE.global.config.security.filter.JwtAuthenticationFilter@2cc3df02, org.springframework.security.web.savedrequest.RequestCacheAwareFilter@27449f65, org.springframework.security.web.servletapi.SecurityContextHolderAwareRequestFilter@505e8d48, org.springframework.security.web.authentication.AnonymousAuthenticationFilter@2a3de2b, org.springframework.security.web.session.SessionManagementFilter@43c25e89, org.springframework.security.web.access.ExceptionTranslationFilter@5ac3c6cd, org.springframework.security.web.access.intercept.AuthorizationFilter@b24e21f]
2023-08-29T01:11:19.878+09:00  INFO 79175 --- [main] o.s.b.w.embedded.tomcat.TomcatWebServer  : Tomcat started on port(s): 8080 (http) with context path '/api'
2023-08-29T01:11:19.883+09:00  INFO 79175 --- [main] com.fundy.FundyBE.FundyBeApplication     : Started FundyBeApplication in 2.81 seconds (process running for 3.023)
2023-08-29T01:11:49.251+09:00  INFO 79175 --- [SpringApplicationShutdownHook] j.LocalContainerEntityManagerFactoryBean : Closing JPA EntityManagerFactory for persistence unit 'default'
2023-08-29T01:11:49.296+09:00  INFO 79175 --- [SpringApplicationShutdownHook] com.zaxxer.hikari.HikariDataSource       : HikariPool-1 - Shutdown initiated...
2023-08-29T01:11:49.300+09:00  INFO 79175 --- [SpringApplicationShutdownHook] com.zaxxer.hikari.HikariDataSource       : HikariPool-1 - Shutdown completed.
2023-08-29T01:11:50.398+09:00  INFO 79197 --- [main] com.fundy.FundyBE.FundyBeApplication     : Starting FundyBeApplication using Java 17.0.2 with PID 79197 (/Users/dongwon_kim/Desktop/project/Fundy-BE/out/production/classes started by dongwon_kim in /Users/dongwon_kim/Desktop/project/Fundy-BE)
2023-08-29T01:11:50.399+09:00  INFO 79197 --- [main] com.fundy.FundyBE.FundyBeApplication     : No active profile set, falling back to 1 default profile: "default"
2023-08-29T01:11:50.773+09:00  INFO 79197 --- [main] .s.d.r.c.RepositoryConfigurationDelegate : Multiple Spring Data modules found, entering strict repository configuration mode
2023-08-29T01:11:50.774+09:00  INFO 79197 --- [main] .s.d.r.c.RepositoryConfigurationDelegate : Bootstrapping Spring Data Redis repositories in DEFAULT mode.
2023-08-29T01:11:50.842+09:00  INFO 79197 --- [main] .s.d.r.c.RepositoryConfigurationDelegate : Finished Spring Data repository scanning in 61 ms. Found 2 Redis repository interfaces.
2023-08-29T01:11:50.963+09:00  INFO 79197 --- [main] .s.d.r.c.RepositoryConfigurationDelegate : Multiple Spring Data modules found, entering strict repository configuration mode
2023-08-29T01:11:50.963+09:00  INFO 79197 --- [main] .s.d.r.c.RepositoryConfigurationDelegate : Bootstrapping Spring Data JPA repositories in DEFAULT mode.
2023-08-29T01:11:50.977+09:00  INFO 79197 --- [main] .RepositoryConfigurationExtensionSupport : Spring Data JPA - Could not safely identify store assignment for repository candidate interface com.fundy.FundyBE.global.config.redis.logoutinfo.LogoutInfoRedisRepository; If you want this repository to be a JPA repository, consider annotating your entities with one of these annotations: jakarta.persistence.Entity, jakarta.persistence.MappedSuperclass (preferred), or consider extending one of the following types with your repository: org.springframework.data.jpa.repository.JpaRepository
2023-08-29T01:11:50.977+09:00  INFO 79197 --- [main] .RepositoryConfigurationExtensionSupport : Spring Data JPA - Could not safely identify store assignment for repository candidate interface com.fundy.FundyBE.global.config.redis.refreshinfo.RefreshInfoRedisRepository; If you want this repository to be a JPA repository, consider annotating your entities with one of these annotations: jakarta.persistence.Entity, jakarta.persistence.MappedSuperclass (preferred), or consider extending one of the following types with your repository: org.springframework.data.jpa.repository.JpaRepository
2023-08-29T01:11:50.981+09:00  INFO 79197 --- [main] .s.d.r.c.RepositoryConfigurationDelegate : Finished Spring Data repository scanning in 16 ms. Found 1 JPA repository interfaces.
2023-08-29T01:11:51.250+09:00  INFO 79197 --- [main] o.s.b.w.embedded.tomcat.TomcatWebServer  : Tomcat initialized with port(s): 8080 (http)
2023-08-29T01:11:51.254+09:00  INFO 79197 --- [main] o.apache.catalina.core.StandardService   : Starting service [Tomcat]
2023-08-29T01:11:51.254+09:00  INFO 79197 --- [main] o.apache.catalina.core.StandardEngine    : Starting Servlet engine: [Apache Tomcat/10.1.11]
2023-08-29T01:11:51.297+09:00  INFO 79197 --- [main] o.a.c.c.C.[Tomcat].[localhost].[/api]    : Initializing Spring embedded WebApplicationContext
2023-08-29T01:11:51.298+09:00  INFO 79197 --- [main] w.s.c.ServletWebServerApplicationContext : Root WebApplicationContext: initialization completed in 880 ms
2023-08-29T01:11:51.369+09:00  INFO 79197 --- [main] o.hibernate.jpa.internal.util.LogHelper  : HHH000204: Processing PersistenceUnitInfo [name: default]
2023-08-29T01:11:51.391+09:00  INFO 79197 --- [main] org.hibernate.Version                    : HHH000412: Hibernate ORM core version 6.2.6.Final
2023-08-29T01:11:51.392+09:00  INFO 79197 --- [main] org.hibernate.cfg.Environment            : HHH000406: Using bytecode reflection optimizer
2023-08-29T01:11:51.440+09:00  INFO 79197 --- [main] o.h.b.i.BytecodeProviderInitiator        : HHH000021: Bytecode provider name : bytebuddy
2023-08-29T01:11:51.504+09:00  INFO 79197 --- [main] o.s.o.j.p.SpringPersistenceUnitInfo      : No LoadTimeWeaver setup: ignoring JPA class transformer
2023-08-29T01:11:51.511+09:00  INFO 79197 --- [main] com.zaxxer.hikari.HikariDataSource       : HikariPool-1 - Starting...
2023-08-29T01:11:51.592+09:00  INFO 79197 --- [main] com.zaxxer.hikari.pool.HikariPool        : HikariPool-1 - Added connection com.mysql.cj.jdbc.ConnectionImpl@29699283
2023-08-29T01:11:51.593+09:00  INFO 79197 --- [main] com.zaxxer.hikari.HikariDataSource       : HikariPool-1 - Start completed.
2023-08-29T01:11:51.710+09:00  INFO 79197 --- [main] o.h.b.i.BytecodeProviderInitiator        : HHH000021: Bytecode provider name : bytebuddy
2023-08-29T01:11:51.996+09:00  INFO 79197 --- [main] o.h.e.t.j.p.i.JtaPlatformInitiator       : HHH000490: Using JtaPlatform implementation: [org.hibernate.engine.transaction.jta.platform.internal.NoJtaPlatform]
2023-08-29T01:11:52.076+09:00  INFO 79197 --- [main] j.LocalContainerEntityManagerFactoryBean : Initialized JPA EntityManagerFactory for persistence unit 'default'
2023-08-29T01:11:52.185+09:00  WARN 79197 --- [main] ocalVariableTableParameterNameDiscoverer : Using deprecated '-debug' fallback for parameter name resolution. Compile the affected code with '-parameters' instead or avoid its introspection: com.fundy.FundyBE.domain.user.repository.UserRepository
2023-08-29T01:11:52.363+09:00  WARN 79197 --- [main] ocalVariableTableParameterNameDiscoverer : Using deprecated '-debug' fallback for parameter name resolution. Compile the affected code with '-parameters' instead or avoid its introspection: com.fundy.FundyBE.global.config.redis.refreshinfo.RefreshInfoRedisRepository
2023-08-29T01:11:52.369+09:00  WARN 79197 --- [main] ocalVariableTableParameterNameDiscoverer : Using deprecated '-debug' fallback for parameter name resolution. Compile the affected code with '-parameters' instead or avoid its introspection: com.fundy.FundyBE.global.config.redis.logoutinfo.LogoutInfoRedisRepository
2023-08-29T01:11:52.671+09:00  WARN 79197 --- [main] JpaBaseConfiguration$JpaWebConfiguration : spring.jpa.open-in-view is enabled by default. Therefore, database queries may be performed during view rendering. Explicitly configure spring.jpa.open-in-view to disable this warning
2023-08-29T01:11:52.843+09:00  INFO 79197 --- [main] o.s.s.web.DefaultSecurityFilterChain     : Will secure any request with [org.springframework.security.web.session.DisableEncodeUrlFilter@12e5f7cb, org.springframework.security.web.context.request.async.WebAsyncManagerIntegrationFilter@2df05bd1, org.springframework.security.web.context.SecurityContextHolderFilter@27d9a016, org.springframework.security.web.header.HeaderWriterFilter@47511582, org.springframework.security.web.authentication.logout.LogoutFilter@3d123d10, org.springframework.security.oauth2.client.web.OAuth2AuthorizationRequestRedirectFilter@5926f291, org.springframework.security.oauth2.client.web.OAuth2LoginAuthenticationFilter@5f0c04d2, com.fundy.FundyBE.global.config.security.filter.JwtAuthenticationFilter@6d821475, org.springframework.security.web.savedrequest.RequestCacheAwareFilter@2715b3ea, org.springframework.security.web.servletapi.SecurityContextHolderAwareRequestFilter@76334a3a, org.springframework.security.web.authentication.AnonymousAuthenticationFilter@588b2d7a, org.springframework.security.web.session.SessionManagementFilter@20fdf45a, org.springframework.security.web.access.ExceptionTranslationFilter@7f5582db, org.springframework.security.web.access.intercept.AuthorizationFilter@40f88929]
2023-08-29T01:11:52.985+09:00  WARN 79197 --- [main] ConfigServletWebServerApplicationContext : Exception encountered during context initialization - cancelling refresh attempt: org.springframework.beans.factory.BeanCreationException: Error creating bean with name 'dataSourceScriptDatabaseInitializer' defined in class path resource [org/springframework/boot/autoconfigure/sql/init/DataSourceInitializationConfiguration.class]: Failed to execute SQL script statement #1 of file [/Users/dongwon_kim/Desktop/project/Fundy-BE/out/production/resources/data.sql]: insert into (name) genre values ("드라마")
2023-08-29T01:11:53.098+09:00  INFO 79197 --- [main] j.LocalContainerEntityManagerFactoryBean : Closing JPA EntityManagerFactory for persistence unit 'default'
2023-08-29T01:11:53.136+09:00  INFO 79197 --- [main] com.zaxxer.hikari.HikariDataSource       : HikariPool-1 - Shutdown initiated...
2023-08-29T01:11:53.141+09:00  INFO 79197 --- [main] com.zaxxer.hikari.HikariDataSource       : HikariPool-1 - Shutdown completed.
2023-08-29T01:11:53.142+09:00  INFO 79197 --- [main] o.apache.catalina.core.StandardService   : Stopping service [Tomcat]
2023-08-29T01:11:53.150+09:00  INFO 79197 --- [main] .s.b.a.l.ConditionEvaluationReportLogger : 

Error starting ApplicationContext. To display the condition evaluation report re-run your application with 'debug' enabled.
2023-08-29T01:11:53.159+09:00 ERROR 79197 --- [main] o.s.boot.SpringApplication               : Application run failed

org.springframework.beans.factory.BeanCreationException: Error creating bean with name 'dataSourceScriptDatabaseInitializer' defined in class path resource [org/springframework/boot/autoconfigure/sql/init/DataSourceInitializationConfiguration.class]: Failed to execute SQL script statement #1 of file [/Users/dongwon_kim/Desktop/project/Fundy-BE/out/production/resources/data.sql]: insert into (name) genre values ("드라마")
	at org.springframework.beans.factory.support.AbstractAutowireCapableBeanFactory.initializeBean(AbstractAutowireCapableBeanFactory.java:1770) ~[spring-beans-6.0.11.jar:6.0.11]
	at org.springframework.beans.factory.support.AbstractAutowireCapableBeanFactory.doCreateBean(AbstractAutowireCapableBeanFactory.java:598) ~[spring-beans-6.0.11.jar:6.0.11]
	at org.springframework.beans.factory.support.AbstractAutowireCapableBeanFactory.createBean(AbstractAutowireCapableBeanFactory.java:520) ~[spring-beans-6.0.11.jar:6.0.11]
	at org.springframework.beans.factory.support.AbstractBeanFactory.lambda$doGetBean$0(AbstractBeanFactory.java:326) ~[spring-beans-6.0.11.jar:6.0.11]
	at org.springframework.beans.factory.support.DefaultSingletonBeanRegistry.getSingleton(DefaultSingletonBeanRegistry.java:234) ~[spring-beans-6.0.11.jar:6.0.11]
	at org.springframework.beans.factory.support.AbstractBeanFactory.doGetBean(AbstractBeanFactory.java:324) ~[spring-beans-6.0.11.jar:6.0.11]
	at org.springframework.beans.factory.support.AbstractBeanFactory.getBean(AbstractBeanFactory.java:200) ~[spring-beans-6.0.11.jar:6.0.11]
	at org.springframework.beans.factory.support.AbstractBeanFactory.doGetBean(AbstractBeanFactory.java:313) ~[spring-beans-6.0.11.jar:6.0.11]
	at org.springframework.beans.factory.support.AbstractBeanFactory.getBean(AbstractBeanFactory.java:200) ~[spring-beans-6.0.11.jar:6.0.11]
	at org.springframework.beans.factory.support.DefaultListableBeanFactory.preInstantiateSingletons(DefaultListableBeanFactory.java:973) ~[spring-beans-6.0.11.jar:6.0.11]
	at org.springframework.context.support.AbstractApplicationContext.finishBeanFactoryInitialization(AbstractApplicationContext.java:942) ~[spring-context-6.0.11.jar:6.0.11]
	at org.springframework.context.support.AbstractApplicationContext.refresh(AbstractApplicationContext.java:608) ~[spring-context-6.0.11.jar:6.0.11]
	at org.springframework.boot.web.servlet.context.ServletWebServerApplicationContext.refresh(ServletWebServerApplicationContext.java:146) ~[spring-boot-3.1.2.jar:3.1.2]
	at org.springframework.boot.SpringApplication.refresh(SpringApplication.java:734) ~[spring-boot-3.1.2.jar:3.1.2]
	at org.springframework.boot.SpringApplication.refreshContext(SpringApplication.java:436) ~[spring-boot-3.1.2.jar:3.1.2]
	at org.springframework.boot.SpringApplication.run(SpringApplication.java:312) ~[spring-boot-3.1.2.jar:3.1.2]
	at org.springframework.boot.SpringApplication.run(SpringApplication.java:1306) ~[spring-boot-3.1.2.jar:3.1.2]
	at org.springframework.boot.SpringApplication.run(SpringApplication.java:1295) ~[spring-boot-3.1.2.jar:3.1.2]
	at com.fundy.FundyBE.FundyBeApplication.main(FundyBeApplication.java:10) ~[classes/:na]
Caused by: org.springframework.jdbc.datasource.init.ScriptStatementFailedException: Failed to execute SQL script statement #1 of file [/Users/dongwon_kim/Desktop/project/Fundy-BE/out/production/resources/data.sql]: insert into (name) genre values ("드라마")
	at org.springframework.jdbc.datasource.init.ScriptUtils.executeSqlScript(ScriptUtils.java:282) ~[spring-jdbc-6.0.11.jar:6.0.11]
	at org.springframework.jdbc.datasource.init.ResourceDatabasePopulator.populate(ResourceDatabasePopulator.java:254) ~[spring-jdbc-6.0.11.jar:6.0.11]
	at org.springframework.jdbc.datasource.init.DatabasePopulatorUtils.execute(DatabasePopulatorUtils.java:54) ~[spring-jdbc-6.0.11.jar:6.0.11]
	at org.springframework.boot.jdbc.init.DataSourceScriptDatabaseInitializer.runScripts(DataSourceScriptDatabaseInitializer.java:87) ~[spring-boot-3.1.2.jar:3.1.2]
	at org.springframework.boot.sql.init.AbstractScriptDatabaseInitializer.runScripts(AbstractScriptDatabaseInitializer.java:146) ~[spring-boot-3.1.2.jar:3.1.2]
	at org.springframework.boot.sql.init.AbstractScriptDatabaseInitializer.applyScripts(AbstractScriptDatabaseInitializer.java:108) ~[spring-boot-3.1.2.jar:3.1.2]
	at org.springframework.boot.sql.init.AbstractScriptDatabaseInitializer.applyDataScripts(AbstractScriptDatabaseInitializer.java:102) ~[spring-boot-3.1.2.jar:3.1.2]
	at org.springframework.boot.sql.init.AbstractScriptDatabaseInitializer.initializeDatabase(AbstractScriptDatabaseInitializer.java:77) ~[spring-boot-3.1.2.jar:3.1.2]
	at org.springframework.boot.sql.init.AbstractScriptDatabaseInitializer.afterPropertiesSet(AbstractScriptDatabaseInitializer.java:66) ~[spring-boot-3.1.2.jar:3.1.2]
	at org.springframework.beans.factory.support.AbstractAutowireCapableBeanFactory.invokeInitMethods(AbstractAutowireCapableBeanFactory.java:1817) ~[spring-beans-6.0.11.jar:6.0.11]
	at org.springframework.beans.factory.support.AbstractAutowireCapableBeanFactory.initializeBean(AbstractAutowireCapableBeanFactory.java:1766) ~[spring-beans-6.0.11.jar:6.0.11]
	... 18 common frames omitted
Caused by: java.sql.SQLSyntaxErrorException: You have an error in your SQL syntax; check the manual that corresponds to your MySQL server version for the right syntax to use near '(name) genre values ("드라마")' at line 1
	at com.mysql.cj.jdbc.exceptions.SQLError.createSQLException(SQLError.java:121) ~[mysql-connector-j-8.0.33.jar:8.0.33]
	at com.mysql.cj.jdbc.exceptions.SQLExceptionsMapping.translateException(SQLExceptionsMapping.java:122) ~[mysql-connector-j-8.0.33.jar:8.0.33]
	at com.mysql.cj.jdbc.StatementImpl.executeInternal(StatementImpl.java:763) ~[mysql-connector-j-8.0.33.jar:8.0.33]
	at com.mysql.cj.jdbc.StatementImpl.execute(StatementImpl.java:648) ~[mysql-connector-j-8.0.33.jar:8.0.33]
	at com.zaxxer.hikari.pool.ProxyStatement.execute(ProxyStatement.java:94) ~[HikariCP-5.0.1.jar:na]
	at com.zaxxer.hikari.pool.HikariProxyStatement.execute(HikariProxyStatement.java) ~[HikariCP-5.0.1.jar:na]
	at org.springframework.jdbc.datasource.init.ScriptUtils.executeSqlScript(ScriptUtils.java:261) ~[spring-jdbc-6.0.11.jar:6.0.11]
	... 28 common frames omitted

2023-08-29T01:12:49.499+09:00  INFO 79226 --- [main] com.fundy.FundyBE.FundyBeApplication     : Starting FundyBeApplication using Java 17.0.2 with PID 79226 (/Users/dongwon_kim/Desktop/project/Fundy-BE/out/production/classes started by dongwon_kim in /Users/dongwon_kim/Desktop/project/Fundy-BE)
2023-08-29T01:12:49.500+09:00  INFO 79226 --- [main] com.fundy.FundyBE.FundyBeApplication     : No active profile set, falling back to 1 default profile: "default"
2023-08-29T01:12:49.787+09:00  INFO 79226 --- [main] .s.d.r.c.RepositoryConfigurationDelegate : Multiple Spring Data modules found, entering strict repository configuration mode
2023-08-29T01:12:49.788+09:00  INFO 79226 --- [main] .s.d.r.c.RepositoryConfigurationDelegate : Bootstrapping Spring Data Redis repositories in DEFAULT mode.
2023-08-29T01:12:49.857+09:00  INFO 79226 --- [main] .s.d.r.c.RepositoryConfigurationDelegate : Finished Spring Data repository scanning in 62 ms. Found 2 Redis repository interfaces.
2023-08-29T01:12:49.991+09:00  INFO 79226 --- [main] .s.d.r.c.RepositoryConfigurationDelegate : Multiple Spring Data modules found, entering strict repository configuration mode
2023-08-29T01:12:49.991+09:00  INFO 79226 --- [main] .s.d.r.c.RepositoryConfigurationDelegate : Bootstrapping Spring Data JPA repositories in DEFAULT mode.
2023-08-29T01:12:50.006+09:00  INFO 79226 --- [main] .RepositoryConfigurationExtensionSupport : Spring Data JPA - Could not safely identify store assignment for repository candidate interface com.fundy.FundyBE.global.config.redis.logoutinfo.LogoutInfoRedisRepository; If you want this repository to be a JPA repository, consider annotating your entities with one of these annotations: jakarta.persistence.Entity, jakarta.persistence.MappedSuperclass (preferred), or consider extending one of the following types with your repository: org.springframework.data.jpa.repository.JpaRepository
2023-08-29T01:12:50.007+09:00  INFO 79226 --- [main] .RepositoryConfigurationExtensionSupport : Spring Data JPA - Could not safely identify store assignment for repository candidate interface com.fundy.FundyBE.global.config.redis.refreshinfo.RefreshInfoRedisRepository; If you want this repository to be a JPA repository, consider annotating your entities with one of these annotations: jakarta.persistence.Entity, jakarta.persistence.MappedSuperclass (preferred), or consider extending one of the following types with your repository: org.springframework.data.jpa.repository.JpaRepository
2023-08-29T01:12:50.010+09:00  INFO 79226 --- [main] .s.d.r.c.RepositoryConfigurationDelegate : Finished Spring Data repository scanning in 17 ms. Found 1 JPA repository interfaces.
2023-08-29T01:12:50.297+09:00  INFO 79226 --- [main] o.s.b.w.embedded.tomcat.TomcatWebServer  : Tomcat initialized with port(s): 8080 (http)
2023-08-29T01:12:50.306+09:00  INFO 79226 --- [main] o.apache.catalina.core.StandardService   : Starting service [Tomcat]
2023-08-29T01:12:50.306+09:00  INFO 79226 --- [main] o.apache.catalina.core.StandardEngine    : Starting Servlet engine: [Apache Tomcat/10.1.11]
2023-08-29T01:12:50.353+09:00  INFO 79226 --- [main] o.a.c.c.C.[Tomcat].[localhost].[/api]    : Initializing Spring embedded WebApplicationContext
2023-08-29T01:12:50.353+09:00  INFO 79226 --- [main] w.s.c.ServletWebServerApplicationContext : Root WebApplicationContext: initialization completed in 836 ms
2023-08-29T01:12:50.440+09:00  INFO 79226 --- [main] o.hibernate.jpa.internal.util.LogHelper  : HHH000204: Processing PersistenceUnitInfo [name: default]
2023-08-29T01:12:50.467+09:00  INFO 79226 --- [main] org.hibernate.Version                    : HHH000412: Hibernate ORM core version 6.2.6.Final
2023-08-29T01:12:50.468+09:00  INFO 79226 --- [main] org.hibernate.cfg.Environment            : HHH000406: Using bytecode reflection optimizer
2023-08-29T01:12:50.525+09:00  INFO 79226 --- [main] o.h.b.i.BytecodeProviderInitiator        : HHH000021: Bytecode provider name : bytebuddy
2023-08-29T01:12:50.603+09:00  INFO 79226 --- [main] o.s.o.j.p.SpringPersistenceUnitInfo      : No LoadTimeWeaver setup: ignoring JPA class transformer
2023-08-29T01:12:50.611+09:00  INFO 79226 --- [main] com.zaxxer.hikari.HikariDataSource       : HikariPool-1 - Starting...
2023-08-29T01:12:50.695+09:00  INFO 79226 --- [main] com.zaxxer.hikari.pool.HikariPool        : HikariPool-1 - Added connection com.mysql.cj.jdbc.ConnectionImpl@5eb2972f
2023-08-29T01:12:50.696+09:00  INFO 79226 --- [main] com.zaxxer.hikari.HikariDataSource       : HikariPool-1 - Start completed.
2023-08-29T01:12:50.827+09:00  INFO 79226 --- [main] o.h.b.i.BytecodeProviderInitiator        : HHH000021: Bytecode provider name : bytebuddy
2023-08-29T01:12:51.130+09:00  INFO 79226 --- [main] o.h.e.t.j.p.i.JtaPlatformInitiator       : HHH000490: Using JtaPlatform implementation: [org.hibernate.engine.transaction.jta.platform.internal.NoJtaPlatform]
2023-08-29T01:12:51.222+09:00  INFO 79226 --- [main] j.LocalContainerEntityManagerFactoryBean : Initialized JPA EntityManagerFactory for persistence unit 'default'
2023-08-29T01:12:51.332+09:00  WARN 79226 --- [main] ocalVariableTableParameterNameDiscoverer : Using deprecated '-debug' fallback for parameter name resolution. Compile the affected code with '-parameters' instead or avoid its introspection: com.fundy.FundyBE.domain.user.repository.UserRepository
2023-08-29T01:12:51.521+09:00  WARN 79226 --- [main] ocalVariableTableParameterNameDiscoverer : Using deprecated '-debug' fallback for parameter name resolution. Compile the affected code with '-parameters' instead or avoid its introspection: com.fundy.FundyBE.global.config.redis.refreshinfo.RefreshInfoRedisRepository
2023-08-29T01:12:51.526+09:00  WARN 79226 --- [main] ocalVariableTableParameterNameDiscoverer : Using deprecated '-debug' fallback for parameter name resolution. Compile the affected code with '-parameters' instead or avoid its introspection: com.fundy.FundyBE.global.config.redis.logoutinfo.LogoutInfoRedisRepository
2023-08-29T01:12:51.834+09:00  WARN 79226 --- [main] JpaBaseConfiguration$JpaWebConfiguration : spring.jpa.open-in-view is enabled by default. Therefore, database queries may be performed during view rendering. Explicitly configure spring.jpa.open-in-view to disable this warning
2023-08-29T01:12:51.998+09:00  INFO 79226 --- [main] o.s.s.web.DefaultSecurityFilterChain     : Will secure any request with [org.springframework.security.web.session.DisableEncodeUrlFilter@2d487df4, org.springframework.security.web.context.request.async.WebAsyncManagerIntegrationFilter@3a7e13c0, org.springframework.security.web.context.SecurityContextHolderFilter@40f88929, org.springframework.security.web.header.HeaderWriterFilter@6eed5b68, org.springframework.security.web.authentication.logout.LogoutFilter@5f0c04d2, org.springframework.security.oauth2.client.web.OAuth2AuthorizationRequestRedirectFilter@f2df380, org.springframework.security.oauth2.client.web.OAuth2LoginAuthenticationFilter@2c3762c7, com.fundy.FundyBE.global.config.security.filter.JwtAuthenticationFilter@5188c0f2, org.springframework.security.web.savedrequest.RequestCacheAwareFilter@72378bfd, org.springframework.security.web.servletapi.SecurityContextHolderAwareRequestFilter@b0bd567, org.springframework.security.web.authentication.AnonymousAuthenticationFilter@5524e471, org.springframework.security.web.session.SessionManagementFilter@20dc2df1, org.springframework.security.web.access.ExceptionTranslationFilter@27b89e0a, org.springframework.security.web.access.intercept.AuthorizationFilter@37b0a724]
2023-08-29T01:12:52.164+09:00  INFO 79226 --- [main] o.s.b.w.embedded.tomcat.TomcatWebServer  : Tomcat started on port(s): 8080 (http) with context path '/api'
2023-08-29T01:12:52.170+09:00  INFO 79226 --- [main] com.fundy.FundyBE.FundyBeApplication     : Started FundyBeApplication in 2.876 seconds (process running for 3.134)
2023-08-29T01:15:42.088+09:00  INFO 79226 --- [SpringApplicationShutdownHook] j.LocalContainerEntityManagerFactoryBean : Closing JPA EntityManagerFactory for persistence unit 'default'
2023-08-29T01:15:42.121+09:00  INFO 79226 --- [SpringApplicationShutdownHook] com.zaxxer.hikari.HikariDataSource       : HikariPool-1 - Shutdown initiated...
2023-08-29T01:15:42.126+09:00  INFO 79226 --- [SpringApplicationShutdownHook] com.zaxxer.hikari.HikariDataSource       : HikariPool-1 - Shutdown completed.
2023-08-29T01:15:43.481+09:00  INFO 79289 --- [main] com.fundy.FundyBE.FundyBeApplication     : Starting FundyBeApplication using Java 17.0.2 with PID 79289 (/Users/dongwon_kim/Desktop/project/Fundy-BE/out/production/classes started by dongwon_kim in /Users/dongwon_kim/Desktop/project/Fundy-BE)
2023-08-29T01:15:43.482+09:00  INFO 79289 --- [main] com.fundy.FundyBE.FundyBeApplication     : No active profile set, falling back to 1 default profile: "default"
2023-08-29T01:15:43.781+09:00  INFO 79289 --- [main] .s.d.r.c.RepositoryConfigurationDelegate : Multiple Spring Data modules found, entering strict repository configuration mode
2023-08-29T01:15:43.782+09:00  INFO 79289 --- [main] .s.d.r.c.RepositoryConfigurationDelegate : Bootstrapping Spring Data Redis repositories in DEFAULT mode.
2023-08-29T01:15:43.853+09:00  INFO 79289 --- [main] .s.d.r.c.RepositoryConfigurationDelegate : Finished Spring Data repository scanning in 63 ms. Found 2 Redis repository interfaces.
2023-08-29T01:15:43.990+09:00  INFO 79289 --- [main] .s.d.r.c.RepositoryConfigurationDelegate : Multiple Spring Data modules found, entering strict repository configuration mode
2023-08-29T01:15:43.990+09:00  INFO 79289 --- [main] .s.d.r.c.RepositoryConfigurationDelegate : Bootstrapping Spring Data JPA repositories in DEFAULT mode.
2023-08-29T01:15:44.006+09:00  INFO 79289 --- [main] .RepositoryConfigurationExtensionSupport : Spring Data JPA - Could not safely identify store assignment for repository candidate interface com.fundy.FundyBE.global.config.redis.logoutinfo.LogoutInfoRedisRepository; If you want this repository to be a JPA repository, consider annotating your entities with one of these annotations: jakarta.persistence.Entity, jakarta.persistence.MappedSuperclass (preferred), or consider extending one of the following types with your repository: org.springframework.data.jpa.repository.JpaRepository
2023-08-29T01:15:44.006+09:00  INFO 79289 --- [main] .RepositoryConfigurationExtensionSupport : Spring Data JPA - Could not safely identify store assignment for repository candidate interface com.fundy.FundyBE.global.config.redis.refreshinfo.RefreshInfoRedisRepository; If you want this repository to be a JPA repository, consider annotating your entities with one of these annotations: jakarta.persistence.Entity, jakarta.persistence.MappedSuperclass (preferred), or consider extending one of the following types with your repository: org.springframework.data.jpa.repository.JpaRepository
2023-08-29T01:15:44.009+09:00  INFO 79289 --- [main] .s.d.r.c.RepositoryConfigurationDelegate : Finished Spring Data repository scanning in 17 ms. Found 1 JPA repository interfaces.
2023-08-29T01:15:44.289+09:00  INFO 79289 --- [main] o.s.b.w.embedded.tomcat.TomcatWebServer  : Tomcat initialized with port(s): 8080 (http)
2023-08-29T01:15:44.294+09:00  INFO 79289 --- [main] o.apache.catalina.core.StandardService   : Starting service [Tomcat]
2023-08-29T01:15:44.294+09:00  INFO 79289 --- [main] o.apache.catalina.core.StandardEngine    : Starting Servlet engine: [Apache Tomcat/10.1.11]
2023-08-29T01:15:44.337+09:00  INFO 79289 --- [main] o.a.c.c.C.[Tomcat].[localhost].[/api]    : Initializing Spring embedded WebApplicationContext
2023-08-29T01:15:44.337+09:00  INFO 79289 --- [main] w.s.c.ServletWebServerApplicationContext : Root WebApplicationContext: initialization completed in 836 ms
2023-08-29T01:15:44.412+09:00  INFO 79289 --- [main] o.hibernate.jpa.internal.util.LogHelper  : HHH000204: Processing PersistenceUnitInfo [name: default]
2023-08-29T01:15:44.435+09:00  INFO 79289 --- [main] org.hibernate.Version                    : HHH000412: Hibernate ORM core version 6.2.6.Final
2023-08-29T01:15:44.437+09:00  INFO 79289 --- [main] org.hibernate.cfg.Environment            : HHH000406: Using bytecode reflection optimizer
2023-08-29T01:15:44.486+09:00  INFO 79289 --- [main] o.h.b.i.BytecodeProviderInitiator        : HHH000021: Bytecode provider name : bytebuddy
2023-08-29T01:15:44.560+09:00  INFO 79289 --- [main] o.s.o.j.p.SpringPersistenceUnitInfo      : No LoadTimeWeaver setup: ignoring JPA class transformer
2023-08-29T01:15:44.568+09:00  INFO 79289 --- [main] com.zaxxer.hikari.HikariDataSource       : HikariPool-1 - Starting...
2023-08-29T01:15:44.664+09:00  INFO 79289 --- [main] com.zaxxer.hikari.pool.HikariPool        : HikariPool-1 - Added connection com.mysql.cj.jdbc.ConnectionImpl@58ec8271
2023-08-29T01:15:44.665+09:00  INFO 79289 --- [main] com.zaxxer.hikari.HikariDataSource       : HikariPool-1 - Start completed.
2023-08-29T01:15:44.794+09:00  INFO 79289 --- [main] o.h.b.i.BytecodeProviderInitiator        : HHH000021: Bytecode provider name : bytebuddy
2023-08-29T01:15:45.100+09:00  INFO 79289 --- [main] o.h.e.t.j.p.i.JtaPlatformInitiator       : HHH000490: Using JtaPlatform implementation: [org.hibernate.engine.transaction.jta.platform.internal.NoJtaPlatform]
2023-08-29T01:15:45.208+09:00  INFO 79289 --- [main] j.LocalContainerEntityManagerFactoryBean : Initialized JPA EntityManagerFactory for persistence unit 'default'
2023-08-29T01:15:45.324+09:00  WARN 79289 --- [main] ocalVariableTableParameterNameDiscoverer : Using deprecated '-debug' fallback for parameter name resolution. Compile the affected code with '-parameters' instead or avoid its introspection: com.fundy.FundyBE.domain.user.repository.UserRepository
2023-08-29T01:15:45.516+09:00  WARN 79289 --- [main] ocalVariableTableParameterNameDiscoverer : Using deprecated '-debug' fallback for parameter name resolution. Compile the affected code with '-parameters' instead or avoid its introspection: com.fundy.FundyBE.global.config.redis.refreshinfo.RefreshInfoRedisRepository
2023-08-29T01:15:45.522+09:00  WARN 79289 --- [main] ocalVariableTableParameterNameDiscoverer : Using deprecated '-debug' fallback for parameter name resolution. Compile the affected code with '-parameters' instead or avoid its introspection: com.fundy.FundyBE.global.config.redis.logoutinfo.LogoutInfoRedisRepository
2023-08-29T01:15:45.858+09:00  WARN 79289 --- [main] JpaBaseConfiguration$JpaWebConfiguration : spring.jpa.open-in-view is enabled by default. Therefore, database queries may be performed during view rendering. Explicitly configure spring.jpa.open-in-view to disable this warning
2023-08-29T01:15:46.041+09:00  INFO 79289 --- [main] o.s.s.web.DefaultSecurityFilterChain     : Will secure any request with [org.springframework.security.web.session.DisableEncodeUrlFilter@835718b, org.springframework.security.web.context.request.async.WebAsyncManagerIntegrationFilter@2e6dc94c, org.springframework.security.web.context.SecurityContextHolderFilter@27b89e0a, org.springframework.security.web.header.HeaderWriterFilter@6d398593, org.springframework.security.web.authentication.logout.LogoutFilter@53628ff6, org.springframework.security.oauth2.client.web.OAuth2AuthorizationRequestRedirectFilter@480b785a, org.springframework.security.oauth2.client.web.OAuth2LoginAuthenticationFilter@35427786, com.fundy.FundyBE.global.config.security.filter.JwtAuthenticationFilter@6c39ba30, org.springframework.security.web.savedrequest.RequestCacheAwareFilter@6eed5b68, org.springframework.security.web.servletapi.SecurityContextHolderAwareRequestFilter@3e6b08d4, org.springframework.security.web.authentication.AnonymousAuthenticationFilter@f2df380, org.springframework.security.web.session.SessionManagementFilter@53e6c017, org.springframework.security.web.access.ExceptionTranslationFilter@74534564, org.springframework.security.web.access.intercept.AuthorizationFilter@7c3920a7]
2023-08-29T01:15:46.288+09:00  INFO 79289 --- [main] o.s.b.w.embedded.tomcat.TomcatWebServer  : Tomcat started on port(s): 8080 (http) with context path '/api'
2023-08-29T01:15:46.293+09:00  INFO 79289 --- [main] com.fundy.FundyBE.FundyBeApplication     : Started FundyBeApplication in 3.093 seconds (process running for 3.362)
2023-08-29T01:16:05.163+09:00  INFO 79289 --- [SpringApplicationShutdownHook] j.LocalContainerEntityManagerFactoryBean : Closing JPA EntityManagerFactory for persistence unit 'default'
2023-08-29T01:16:05.208+09:00  INFO 79289 --- [SpringApplicationShutdownHook] com.zaxxer.hikari.HikariDataSource       : HikariPool-1 - Shutdown initiated...
2023-08-29T01:16:05.213+09:00  INFO 79289 --- [SpringApplicationShutdownHook] com.zaxxer.hikari.HikariDataSource       : HikariPool-1 - Shutdown completed.
